{"level":"info","msg":"数据库表创建成功","time":"2025-12-12 08:53:18"}
{"level":"info","mode":"debug","msg":"服务器启动","time":"2025-12-12 08:53:18"}
{"level":"debug","msg":"限流器状态","name":"local","time":"2025-12-12 08:53:26","tokens":99}
{"duration":"6.784ms","level":"info","method":"POST","msg":"请求处理完成","path":"/employee/refresh","request_id":"dfc43a92-5051-4ef8-879f-36a0deb9f96f","status":200,"time":"2025-12-12 08:53:26"}
{"level":"debug","msg":"限流器状态","name":"local","time":"2025-12-12 08:53:28","tokens":99}
{"duration":"5.4566ms","level":"info","method":"POST","msg":"请求处理完成","path":"/employee/refresh","request_id":"0756a787-e1a9-4ea9-9758-886fd783fbad","status":200,"time":"2025-12-12 08:53:28"}
{"level":"debug","msg":"限流器状态","name":"local","time":"2025-12-12 08:53:29","tokens":99}
{"duration":"3.3916ms","level":"info","method":"POST","msg":"请求处理完成","path":"/employee/refresh","request_id":"65b2a961-f3c3-4267-ad3a-0fe16d7b214c","status":200,"time":"2025-12-12 08:53:29"}
{"level":"debug","msg":"限流器状态","name":"local","time":"2025-12-12 08:53:30","tokens":99}
{"duration":"3.7181ms","level":"info","method":"POST","msg":"请求处理完成","path":"/employee/refresh","request_id":"8eb974f9-146a-406a-9f20-5318ca134397","status":200,"time":"2025-12-12 08:53:30"}
{"level":"debug","msg":"限流器状态","name":"local","time":"2025-12-12 08:57:58","tokens":99}
{"error":"token is malformed: token contains an invalid number of segments","level":"error","msg":"JWT token解析错误","time":"2025-12-12 08:57:58"}
{"duration":"2.5363ms","level":"info","method":"POST","msg":"请求处理完成","path":"/employee/refresh","request_id":"0a8efcce-a217-4c4d-b22e-aa460916be7a","status":401,"time":"2025-12-12 08:57:58"}
{"level":"debug","msg":"限流器状态","name":"local","time":"2025-12-12 08:57:58","tokens":98}
{"error":"token is malformed: token contains an invalid number of segments","level":"error","msg":"JWT token解析错误","time":"2025-12-12 08:57:58"}
{"duration":"2.1114ms","level":"info","method":"POST","msg":"请求处理完成","path":"/employee/refresh","request_id":"7ebf86fc-8127-4651-bbf3-dbfbf8b1c970","status":401,"time":"2025-12-12 08:57:58"}
{"level":"debug","msg":"限流器状态","name":"local","time":"2025-12-12 08:57:58","tokens":97}
{"error":"token is malformed: token contains an invalid number of segments","level":"error","msg":"JWT token解析错误","time":"2025-12-12 08:57:58"}
{"duration":"1.5831ms","level":"info","method":"POST","msg":"请求处理完成","path":"/employee/refresh","request_id":"cc299d8b-d409-4be8-aaac-2f5173ba503d","status":401,"time":"2025-12-12 08:57:58"}
{"level":"debug","msg":"限流器状态","name":"local","time":"2025-12-12 08:57:59","tokens":99}
{"error":"token is malformed: token contains an invalid number of segments","level":"error","msg":"JWT token解析错误","time":"2025-12-12 08:57:59"}
{"duration":"2.5315ms","level":"info","method":"POST","msg":"请求处理完成","path":"/employee/refresh","request_id":"29919edc-dfb3-4010-9cc1-920887c08c8d","status":401,"time":"2025-12-12 08:57:59"}
{"level":"debug","msg":"限流器状态","name":"local","time":"2025-12-12 08:57:59","tokens":98}
{"error":"token is malformed: token contains an invalid number of segments","level":"error","msg":"JWT token解析错误","time":"2025-12-12 08:57:59"}
{"duration":"1.1983ms","level":"info","method":"POST","msg":"请求处理完成","path":"/employee/refresh","request_id":"8f8fd89a-c2aa-4a20-8d41-6b2656616158","status":401,"time":"2025-12-12 08:57:59"}
{"level":"debug","msg":"限流器状态","name":"local","time":"2025-12-12 08:57:59","tokens":97}
{"error":"token is malformed: token contains an invalid number of segments","level":"error","msg":"JWT token解析错误","time":"2025-12-12 08:57:59"}
{"duration":"1.7987ms","level":"info","method":"POST","msg":"请求处理完成","path":"/employee/refresh","request_id":"572bd747-01cb-4912-856b-b7b22416212e","status":401,"time":"2025-12-12 08:57:59"}
{"level":"debug","msg":"限流器状态","name":"local","time":"2025-12-12 08:58:00","tokens":99}
{"error":"token is malformed: token contains an invalid number of segments","level":"error","msg":"JWT token解析错误","time":"2025-12-12 08:58:00"}
{"duration":"2.2127ms","level":"info","method":"POST","msg":"请求处理完成","path":"/employee/refresh","request_id":"ea0058d4-afb8-4dc7-9df8-aaf492207ccc","status":401,"time":"2025-12-12 08:58:00"}
{"level":"debug","msg":"限流器状态","name":"local","time":"2025-12-12 08:58:00","tokens":98}
{"error":"token is malformed: token contains an invalid number of segments","level":"error","msg":"JWT token解析错误","time":"2025-12-12 08:58:00"}
{"duration":"527.3µs","level":"info","method":"POST","msg":"请求处理完成","path":"/employee/refresh","request_id":"46787d83-7d96-4991-8ff1-761de87aea7e","status":429,"time":"2025-12-12 08:58:00"}
{"duration":"4.0367ms","level":"info","method":"POST","msg":"请求处理完成","path":"/employee/refresh","request_id":"71c80843-ad6d-4c4c-951d-120fdb630c18","status":401,"time":"2025-12-12 08:58:00"}
{"duration":"1.0519ms","level":"info","method":"POST","msg":"请求处理完成","path":"/employee/refresh","request_id":"74600805-5388-490e-a978-5fe9ce952453","status":429,"time":"2025-12-12 08:58:01"}
{"duration":"1.6895ms","level":"info","method":"POST","msg":"请求处理完成","path":"/employee/refresh","request_id":"d5bef2e3-045d-49e4-920a-f9e16497cb97","status":429,"time":"2025-12-12 08:58:01"}
{"level":"debug","msg":"限流器状态","name":"local","time":"2025-12-12 08:58:01","tokens":99}
{"level":"debug","msg":"限流器状态","name":"local","time":"2025-12-12 08:58:01","tokens":99}
{"duration":"3.9645ms","level":"info","method":"POST","msg":"请求处理完成","path":"/employee/refresh","request_id":"0d291007-5348-4061-a262-22ccdd00b5a1","status":429,"time":"2025-12-12 08:58:01"}
{"error":"token is malformed: token contains an invalid number of segments","level":"error","msg":"JWT token解析错误","time":"2025-12-12 08:58:01"}
{"duration":"5.1549ms","level":"info","method":"POST","msg":"请求处理完成","path":"/employee/refresh","request_id":"4fb6d8c2-d3d7-4b28-bf02-0c2463c86b2a","status":401,"time":"2025-12-12 08:58:01"}
{"error":"token is malformed: token contains an invalid number of segments","level":"error","msg":"JWT token解析错误","time":"2025-12-12 08:58:01"}
{"duration":"4.103ms","level":"info","method":"POST","msg":"请求处理完成","path":"/employee/refresh","request_id":"621c9da2-f99b-487b-b992-b2936bc49e76","status":429,"time":"2025-12-12 08:58:01"}
{"duration":"4.103ms","level":"info","method":"POST","msg":"请求处理完成","path":"/employee/refresh","request_id":"15f2bcf6-32d9-4430-8b85-236c355893f8","status":401,"time":"2025-12-12 08:58:01"}
{"level":"debug","msg":"限流器状态","name":"local","time":"2025-12-12 08:58:01","tokens":98}
{"error":"token is malformed: token contains an invalid number of segments","level":"error","msg":"JWT token解析错误","time":"2025-12-12 08:58:01"}
{"duration":"4.6307ms","level":"info","method":"POST","msg":"请求处理完成","path":"/employee/refresh","request_id":"44cec770-4af1-4d0c-8e3a-287d60417418","status":401,"time":"2025-12-12 08:58:01"}
{"level":"debug","msg":"限流器状态","name":"local","time":"2025-12-12 08:58:02","tokens":99}
{"error":"token is malformed: token contains an invalid number of segments","level":"error","msg":"JWT token解析错误","time":"2025-12-12 08:58:02"}
{"duration":"2.0809ms","level":"info","method":"POST","msg":"请求处理完成","path":"/employee/refresh","request_id":"3eb77284-e518-412d-8379-69841bfd9766","status":401,"time":"2025-12-12 08:58:02"}
{"duration":"5.3118ms","level":"info","method":"POST","msg":"请求处理完成","path":"/employee/refresh","request_id":"b4e41894-0e22-4568-92d7-6379734ce7b6","status":429,"time":"2025-12-12 08:58:02"}
{"level":"debug","msg":"限流器状态","name":"local","time":"2025-12-12 08:58:02","tokens":99}
{"error":"token is malformed: token contains an invalid number of segments","level":"error","msg":"JWT token解析错误","time":"2025-12-12 08:58:02"}
{"duration":"25.8731ms","level":"info","method":"POST","msg":"请求处理完成","path":"/employee/refresh","request_id":"7b762c63-b591-42ad-9d58-17e2a457ef69","status":401,"time":"2025-12-12 08:58:02"}
{"level":"debug","msg":"限流器状态","name":"local","time":"2025-12-12 08:58:03","tokens":99}
{"error":"token is malformed: token contains an invalid number of segments","level":"error","msg":"JWT token解析错误","time":"2025-12-12 08:58:03"}
{"duration":"5.2525ms","level":"info","method":"POST","msg":"请求处理完成","path":"/employee/refresh","request_id":"4a317c01-45b1-4673-8ce4-6c6345ce2be5","status":401,"time":"2025-12-12 08:58:03"}
{"level":"debug","msg":"限流器状态","name":"local","time":"2025-12-12 08:58:03","tokens":99}
{"error":"token is malformed: token contains an invalid number of segments","level":"error","msg":"JWT token解析错误","time":"2025-12-12 08:58:03"}
{"duration":"2.1831ms","level":"info","method":"POST","msg":"请求处理完成","path":"/employee/refresh","request_id":"1cb3b70b-57ef-4097-b5ea-e40ea61e7204","status":401,"time":"2025-12-12 08:58:03"}
{"level":"debug","msg":"限流器状态","name":"local","time":"2025-12-12 08:58:03","tokens":98}
{"error":"token is malformed: token contains an invalid number of segments","level":"error","msg":"JWT token解析错误","time":"2025-12-12 08:58:03"}
{"duration":"1.7019ms","level":"info","method":"POST","msg":"请求处理完成","path":"/employee/refresh","request_id":"307f91bd-1995-44f0-805d-8a145d624563","status":401,"time":"2025-12-12 08:58:03"}
{"level":"debug","msg":"限流器状态","name":"local","time":"2025-12-12 08:58:04","tokens":99}
{"error":"token is malformed: token contains an invalid number of segments","level":"error","msg":"JWT token解析错误","time":"2025-12-12 08:58:04"}
{"duration":"1.4456ms","level":"info","method":"POST","msg":"请求处理完成","path":"/employee/refresh","request_id":"550f8fa8-8314-414b-abd0-c491916d422d","status":401,"time":"2025-12-12 08:58:04"}
{"level":"debug","msg":"限流器状态","name":"local","time":"2025-12-12 08:58:04","tokens":98}
{"error":"token is malformed: token contains an invalid number of segments","level":"error","msg":"JWT token解析错误","time":"2025-12-12 08:58:04"}
{"duration":"5.7266ms","level":"info","method":"POST","msg":"请求处理完成","path":"/employee/refresh","request_id":"bef29f23-a49c-41a7-8819-b27f29dc90f6","status":401,"time":"2025-12-12 08:58:04"}
{"duration":"1.2824ms","level":"info","method":"POST","msg":"请求处理完成","path":"/employee/refresh","request_id":"3f51fe10-b204-462b-93ca-91a6e6b0672d","status":429,"time":"2025-12-12 08:58:04"}
{"level":"debug","msg":"限流器状态","name":"local","time":"2025-12-12 08:58:04","tokens":97}
{"duration":"1.0919ms","level":"info","method":"POST","msg":"请求处理完成","path":"/employee/refresh","request_id":"76724d36-1771-43c1-9563-02ea2ad12f17","status":429,"time":"2025-12-12 08:58:04"}
{"level":"debug","msg":"限流器状态","name":"local","time":"2025-12-12 08:58:04","tokens":96}
{"error":"token is malformed: token contains an invalid number of segments","level":"error","msg":"JWT token解析错误","time":"2025-12-12 08:58:04"}
{"duration":"1.7613ms","level":"info","method":"POST","msg":"请求处理完成","path":"/employee/refresh","request_id":"bc1e6f53-375e-444f-a114-097b606bdc44","status":401,"time":"2025-12-12 08:58:04"}
{"error":"token is malformed: token contains an invalid number of segments","level":"error","msg":"JWT token解析错误","time":"2025-12-12 08:58:04"}
{"duration":"1.8107ms","level":"info","method":"POST","msg":"请求处理完成","path":"/employee/refresh","request_id":"361473c8-deb7-4597-a346-5fae581cd896","status":401,"time":"2025-12-12 08:58:04"}
{"level":"debug","msg":"限流器状态","name":"local","time":"2025-12-12 08:58:04","tokens":96}
{"error":"token is malformed: token contains an invalid number of segments","level":"error","msg":"JWT token解析错误","time":"2025-12-12 08:58:04"}
{"duration":"3.197ms","level":"info","method":"POST","msg":"请求处理完成","path":"/employee/refresh","request_id":"208ef2e0-9fd8-46cd-b734-909c151d4db9","status":401,"time":"2025-12-12 08:58:04"}
{"level":"debug","msg":"限流器状态","name":"local","time":"2025-12-12 08:58:04","tokens":99}
{"error":"token is malformed: token contains an invalid number of segments","level":"error","msg":"JWT token解析错误","time":"2025-12-12 08:58:04"}
{"duration":"1.8042ms","level":"info","method":"POST","msg":"请求处理完成","path":"/employee/refresh","request_id":"3f21ed2e-0175-4f11-aeb5-ac53f5543b7d","status":401,"time":"2025-12-12 08:58:04"}
{"level":"debug","msg":"限流器状态","name":"local","time":"2025-12-12 08:58:04","tokens":98}
{"error":"token is malformed: token contains an invalid number of segments","level":"error","msg":"JWT token解析错误","time":"2025-12-12 08:58:04"}
{"duration":"1.9515ms","level":"info","method":"POST","msg":"请求处理完成","path":"/employee/refresh","request_id":"496e8779-afdd-4a47-9335-355600f921bb","status":401,"time":"2025-12-12 08:58:04"}
{"level":"debug","msg":"限流器状态","name":"local","time":"2025-12-12 08:58:04","tokens":97}
{"error":"token is malformed: token contains an invalid number of segments","level":"error","msg":"JWT token解析错误","time":"2025-12-12 08:58:04"}
{"duration":"1.218ms","level":"info","method":"POST","msg":"请求处理完成","path":"/employee/refresh","request_id":"a2054d60-42d6-4c0e-b444-cfac7fa65102","status":401,"time":"2025-12-12 08:58:04"}
{"level":"debug","msg":"限流器状态","name":"local","time":"2025-12-12 08:58:06","tokens":99}
{"error":"token is malformed: token contains an invalid number of segments","level":"error","msg":"JWT token解析错误","time":"2025-12-12 08:58:06"}
{"duration":"2.0045ms","level":"info","method":"POST","msg":"请求处理完成","path":"/employee/refresh","request_id":"3f1beb65-1806-432b-86c7-f6b718aea3bf","status":401,"time":"2025-12-12 08:58:06"}
{"level":"debug","msg":"限流器状态","name":"local","time":"2025-12-12 08:58:06","tokens":98}
{"error":"token is malformed: token contains an invalid number of segments","level":"error","msg":"JWT token解析错误","time":"2025-12-12 08:58:06"}
{"duration":"2.4523ms","level":"info","method":"POST","msg":"请求处理完成","path":"/employee/refresh","request_id":"d7ab5b36-f7b2-459c-8186-ee63493aeb23","status":401,"time":"2025-12-12 08:58:06"}
{"level":"debug","msg":"限流器状态","name":"local","time":"2025-12-12 08:58:06","tokens":97}
{"error":"token is malformed: token contains an invalid number of segments","level":"error","msg":"JWT token解析错误","time":"2025-12-12 08:58:06"}
{"duration":"4.8363ms","level":"info","method":"POST","msg":"请求处理完成","path":"/employee/refresh","request_id":"7daa4ce9-d1cb-427e-9a51-832bb7fa8e86","status":401,"time":"2025-12-12 08:58:06"}
{"level":"debug","msg":"限流器状态","name":"local","time":"2025-12-12 08:58:07","tokens":99}
{"error":"token is malformed: token contains an invalid number of segments","level":"error","msg":"JWT token解析错误","time":"2025-12-12 08:58:07"}
{"duration":"2.1533ms","level":"info","method":"POST","msg":"请求处理完成","path":"/employee/refresh","request_id":"b93b5b23-6122-45d6-a358-f56a4d604bf6","status":401,"time":"2025-12-12 08:58:07"}
{"level":"debug","msg":"限流器状态","name":"local","time":"2025-12-12 08:58:07","tokens":98}
{"error":"token is malformed: token contains an invalid number of segments","level":"error","msg":"JWT token解析错误","time":"2025-12-12 08:58:07"}
{"duration":"1.9374ms","level":"info","method":"POST","msg":"请求处理完成","path":"/employee/refresh","request_id":"6006642e-50d9-4d78-a998-b5dadbd4bf78","status":401,"time":"2025-12-12 08:58:07"}
{"level":"debug","msg":"限流器状态","name":"local","time":"2025-12-12 08:58:07","tokens":99}
{"error":"token is malformed: token contains an invalid number of segments","level":"error","msg":"JWT token解析错误","time":"2025-12-12 08:58:07"}
{"duration":"8.7042ms","level":"info","method":"POST","msg":"请求处理完成","path":"/employee/refresh","request_id":"dd3004e9-0523-444d-bda3-bdff9feaba92","status":401,"time":"2025-12-12 08:58:07"}
{"level":"debug","msg":"限流器状态","name":"local","time":"2025-12-12 08:58:07","tokens":98}
{"duration":"543.7µs","level":"info","method":"POST","msg":"请求处理完成","path":"/employee/refresh","request_id":"06c577d1-8c4c-4f73-900a-10a1f89fc3e5","status":429,"time":"2025-12-12 08:58:07"}
{"duration":"543.7µs","level":"info","method":"POST","msg":"请求处理完成","path":"/employee/refresh","request_id":"ec40022a-aeb1-47d5-86e5-ec7aa1b0870a","status":429,"time":"2025-12-12 08:58:07"}
{"error":"token is malformed: token contains an invalid number of segments","level":"error","msg":"JWT token解析错误","time":"2025-12-12 08:58:07"}
{"duration":"1.6217ms","level":"info","method":"POST","msg":"请求处理完成","path":"/employee/refresh","request_id":"9eafa2ea-1d9b-4a6b-b119-c322e4732fbd","status":401,"time":"2025-12-12 08:58:07"}
{"duration":"549.5µs","level":"info","method":"POST","msg":"请求处理完成","path":"/employee/refresh","request_id":"d2d85fd9-206a-4568-81f4-4151051d624e","status":429,"time":"2025-12-12 08:58:07"}
{"level":"debug","msg":"限流器状态","name":"local","time":"2025-12-12 08:58:07","tokens":98}
{"error":"token is malformed: token contains an invalid number of segments","level":"error","msg":"JWT token解析错误","time":"2025-12-12 08:58:07"}
{"duration":"7.9707ms","level":"info","method":"POST","msg":"请求处理完成","path":"/employee/refresh","request_id":"fee28c2e-c91a-490c-ad39-df3ab19cde04","status":401,"time":"2025-12-12 08:58:07"}
{"level":"debug","msg":"限流器状态","name":"local","time":"2025-12-12 08:58:07","tokens":98}
{"error":"token is malformed: token contains an invalid number of segments","level":"error","msg":"JWT token解析错误","time":"2025-12-12 08:58:07"}
{"duration":"1.2902ms","level":"info","method":"POST","msg":"请求处理完成","path":"/employee/refresh","request_id":"990de51e-c9ae-41be-9254-ab91dd6f1587","status":401,"time":"2025-12-12 08:58:07"}
{"level":"debug","msg":"限流器状态","name":"local","time":"2025-12-12 08:58:08","tokens":99}
{"error":"token is malformed: token contains an invalid number of segments","level":"error","msg":"JWT token解析错误","time":"2025-12-12 08:58:08"}
{"duration":"2.0279ms","level":"info","method":"POST","msg":"请求处理完成","path":"/employee/refresh","request_id":"cab94ffe-9eb5-4290-b07a-8d99bc35b1bb","status":401,"time":"2025-12-12 08:58:08"}
{"level":"debug","msg":"限流器状态","name":"local","time":"2025-12-12 08:58:09","tokens":99}
{"duration":"2.197ms","level":"info","method":"POST","msg":"请求处理完成","path":"/employee/refresh","request_id":"b26fc66e-0a77-4583-a36b-621fc21f863b","status":429,"time":"2025-12-12 08:58:09"}
{"error":"token is malformed: token contains an invalid number of segments","level":"error","msg":"JWT token解析错误","time":"2025-12-12 08:58:09"}
{"duration":"2.7112ms","level":"info","method":"POST","msg":"请求处理完成","path":"/employee/refresh","request_id":"d7bf207d-f6e0-41fc-baa5-94dd2d008095","status":401,"time":"2025-12-12 08:58:09"}
{"level":"debug","msg":"限流器状态","name":"local","time":"2025-12-12 08:58:10","tokens":99}
{"error":"token is malformed: token contains an invalid number of segments","level":"error","msg":"JWT token解析错误","time":"2025-12-12 08:58:10"}
{"duration":"2.2321ms","level":"info","method":"POST","msg":"请求处理完成","path":"/employee/refresh","request_id":"b9b3af9c-a248-4fec-a52b-abc9ad920ca4","status":401,"time":"2025-12-12 08:58:10"}
{"level":"debug","msg":"限流器状态","name":"local","time":"2025-12-12 08:58:10","tokens":98}
{"error":"token is malformed: token contains an invalid number of segments","level":"error","msg":"JWT token解析错误","time":"2025-12-12 08:58:10"}
{"duration":"1.878ms","level":"info","method":"POST","msg":"请求处理完成","path":"/employee/refresh","request_id":"656f162f-df24-4828-a441-c5098c574aeb","status":401,"time":"2025-12-12 08:58:10"}
{"level":"debug","msg":"限流器状态","name":"local","time":"2025-12-12 08:58:10","tokens":97}
{"error":"token is malformed: token contains an invalid number of segments","level":"error","msg":"JWT token解析错误","time":"2025-12-12 08:58:10"}
{"duration":"1.1395ms","level":"info","method":"POST","msg":"请求处理完成","path":"/employee/refresh","request_id":"8fcd33d6-d576-4f58-b561-1c47c524defe","status":401,"time":"2025-12-12 08:58:10"}
{"level":"debug","msg":"限流器状态","name":"local","time":"2025-12-12 08:58:10","tokens":99}
{"error":"token is malformed: token contains an invalid number of segments","level":"error","msg":"JWT token解析错误","time":"2025-12-12 08:58:10"}
{"duration":"2.2227ms","level":"info","method":"POST","msg":"请求处理完成","path":"/employee/refresh","request_id":"971b99eb-971c-4c85-bea2-419359ce31fb","status":401,"time":"2025-12-12 08:58:10"}
{"level":"debug","msg":"限流器状态","name":"local","time":"2025-12-12 08:58:11","tokens":99}
{"duration":"1.1788ms","level":"info","method":"POST","msg":"请求处理完成","path":"/employee/refresh","request_id":"00359dd8-9294-4b77-a463-902db33af223","status":429,"time":"2025-12-12 08:58:11"}
{"error":"token is malformed: token contains an invalid number of segments","level":"error","msg":"JWT token解析错误","time":"2025-12-12 08:58:11"}
{"duration":"1.7154ms","level":"info","method":"POST","msg":"请求处理完成","path":"/employee/refresh","request_id":"5208b56c-559e-4879-935d-2fc22903ec15","status":401,"time":"2025-12-12 08:58:11"}
{"level":"debug","msg":"限流器状态","name":"local","time":"2025-12-12 08:58:11","tokens":98}
{"error":"token is malformed: token contains an invalid number of segments","level":"error","msg":"JWT token解析错误","time":"2025-12-12 08:58:11"}
{"duration":"1.7407ms","level":"info","method":"POST","msg":"请求处理完成","path":"/employee/refresh","request_id":"81a440e2-6651-4519-b354-b0c43c78d39a","status":401,"time":"2025-12-12 08:58:11"}
{"level":"debug","msg":"限流器状态","name":"local","time":"2025-12-12 08:58:11","tokens":97}
{"error":"token is malformed: token contains an invalid number of segments","level":"error","msg":"JWT token解析错误","time":"2025-12-12 08:58:11"}
{"duration":"1.6114ms","level":"info","method":"POST","msg":"请求处理完成","path":"/employee/refresh","request_id":"969a9699-5006-4c3d-bbb0-e0f41412303e","status":401,"time":"2025-12-12 08:58:11"}
{"level":"debug","msg":"限流器状态","name":"local","time":"2025-12-12 08:58:11","tokens":96}
{"error":"token is malformed: token contains an invalid number of segments","level":"error","msg":"JWT token解析错误","time":"2025-12-12 08:58:11"}
{"duration":"513.2µs","level":"info","method":"POST","msg":"请求处理完成","path":"/employee/refresh","request_id":"4762cb40-1dad-4fc7-ad0e-44934c3b5009","status":401,"time":"2025-12-12 08:58:11"}
{"level":"debug","msg":"限流器状态","name":"local","time":"2025-12-12 08:58:11","tokens":96}
{"error":"token is malformed: token contains an invalid number of segments","level":"error","msg":"JWT token解析错误","time":"2025-12-12 08:58:11"}
{"duration":"2.5734ms","level":"info","method":"POST","msg":"请求处理完成","path":"/employee/refresh","request_id":"664da060-c6cb-4cbd-9c83-fa892e95b6e9","status":401,"time":"2025-12-12 08:58:11"}
{"level":"debug","msg":"限流器状态","name":"local","time":"2025-12-12 08:58:11","tokens":96}
{"error":"token is malformed: token contains an invalid number of segments","level":"error","msg":"JWT token解析错误","time":"2025-12-12 08:58:11"}
{"duration":"3.4108ms","level":"info","method":"POST","msg":"请求处理完成","path":"/employee/refresh","request_id":"26116b78-084f-4829-bba9-17d5b8fd49eb","status":401,"time":"2025-12-12 08:58:11"}
{"duration":"1.0845ms","level":"info","method":"POST","msg":"请求处理完成","path":"/employee/refresh","request_id":"9ca1d427-f3e0-4a78-b2ca-08281eab5df5","status":429,"time":"2025-12-12 08:58:14"}
{"duration":"1.6121ms","level":"info","method":"POST","msg":"请求处理完成","path":"/employee/refresh","request_id":"6ff4532d-4c0f-4dbd-8cd2-f54db5041953","status":429,"time":"2025-12-12 08:58:14"}
{"level":"debug","msg":"限流器状态","name":"local","time":"2025-12-12 08:58:14","tokens":99}
{"error":"token is malformed: token contains an invalid number of segments","level":"error","msg":"JWT token解析错误","time":"2025-12-12 08:58:14"}
{"duration":"1.6121ms","level":"info","method":"POST","msg":"请求处理完成","path":"/employee/refresh","request_id":"c541ab79-1ebe-4a88-8be6-01ce252fcc25","status":401,"time":"2025-12-12 08:58:14"}
{"duration":"1.0652ms","level":"info","method":"POST","msg":"请求处理完成","path":"/employee/refresh","request_id":"5b5c9d24-d5c2-44cd-95aa-5d6d5b89b3d6","status":429,"time":"2025-12-12 08:58:14"}
{"level":"debug","msg":"限流器状态","name":"local","time":"2025-12-12 08:58:14","tokens":98}
{"error":"token is malformed: token contains an invalid number of segments","level":"error","msg":"JWT token解析错误","time":"2025-12-12 08:58:14"}
{"duration":"2.4156ms","level":"info","method":"POST","msg":"请求处理完成","path":"/employee/refresh","request_id":"f89650e4-a31f-4edd-9478-c8622fdaa5ce","status":401,"time":"2025-12-12 08:58:14"}
{"level":"debug","msg":"限流器状态","name":"local","time":"2025-12-12 08:58:14","tokens":97}
{"error":"token is malformed: token contains an invalid number of segments","level":"error","msg":"JWT token解析错误","time":"2025-12-12 08:58:14"}
{"duration":"1.5796ms","level":"info","method":"POST","msg":"请求处理完成","path":"/employee/refresh","request_id":"159b1a1a-adbf-4b8e-a809-379acdfe5ce6","status":401,"time":"2025-12-12 08:58:14"}
{"level":"debug","msg":"限流器状态","name":"local","time":"2025-12-12 08:58:14","tokens":97}
{"error":"token is malformed: token contains an invalid number of segments","level":"error","msg":"JWT token解析错误","time":"2025-12-12 08:58:14"}
{"duration":"1.4952ms","level":"info","method":"POST","msg":"请求处理完成","path":"/employee/refresh","request_id":"1927651f-0984-4d08-9f33-9df95aa5b0e9","status":401,"time":"2025-12-12 08:58:14"}
{"level":"debug","msg":"限流器状态","name":"local","time":"2025-12-12 08:58:18","tokens":99}
{"duration":"595µs","level":"info","method":"POST","msg":"请求处理完成","path":"/employee/refresh","request_id":"c6147689-a177-497a-ad34-6e2e998f1a28","status":429,"time":"2025-12-12 08:58:18"}
{"duration":"1.1019ms","level":"info","method":"POST","msg":"请求处理完成","path":"/employee/refresh","request_id":"7a65b148-6bbe-467c-a9ab-146e10f02313","status":429,"time":"2025-12-12 08:58:18"}
{"error":"token is malformed: token contains an invalid number of segments","level":"error","msg":"JWT token解析错误","time":"2025-12-12 08:58:18"}
{"duration":"2.5091ms","level":"info","method":"POST","msg":"请求处理完成","path":"/employee/refresh","request_id":"c308053f-843b-4f2d-b88e-7a79261420cf","status":401,"time":"2025-12-12 08:58:18"}
{"level":"debug","msg":"限流器状态","name":"local","time":"2025-12-12 08:58:18","tokens":98}
{"error":"token is malformed: token contains an invalid number of segments","level":"error","msg":"JWT token解析错误","time":"2025-12-12 08:58:18"}
{"duration":"1.0184ms","level":"info","method":"POST","msg":"请求处理完成","path":"/employee/refresh","request_id":"130b0ab9-6927-4ce3-8c8b-3f18e6083293","status":401,"time":"2025-12-12 08:58:18"}
{"level":"debug","msg":"限流器状态","name":"local","time":"2025-12-12 08:58:18","tokens":97}
{"duration":"1.3349ms","level":"info","method":"POST","msg":"请求处理完成","path":"/employee/refresh","request_id":"08192a00-80c7-41ef-835e-3f258f9e7326","status":429,"time":"2025-12-12 08:58:18"}
{"error":"token is malformed: token contains an invalid number of segments","level":"error","msg":"JWT token解析错误","time":"2025-12-12 08:58:18"}
{"duration":"2.5365ms","level":"info","method":"POST","msg":"请求处理完成","path":"/employee/refresh","request_id":"308483cb-4d10-425b-9068-a08d8bb4a53e","status":401,"time":"2025-12-12 08:58:18"}
{"level":"debug","msg":"限流器状态","name":"local","time":"2025-12-12 08:58:18","tokens":97}
{"error":"token is malformed: token contains an invalid number of segments","level":"error","msg":"JWT token解析错误","time":"2025-12-12 08:58:18"}
{"duration":"1.8209ms","level":"info","method":"POST","msg":"请求处理完成","path":"/employee/refresh","request_id":"1168a77b-92d2-4a60-acc7-cf72a1514074","status":401,"time":"2025-12-12 08:58:18"}
{"duration":"2.5091ms","level":"info","method":"POST","msg":"请求处理完成","path":"/employee/refresh","request_id":"7d1d7c9d-26a3-4b6b-a55f-0317adef39b8","status":429,"time":"2025-12-12 08:58:22"}
{"duration":"2.5091ms","level":"info","method":"POST","msg":"请求处理完成","path":"/employee/refresh","request_id":"8c9cddf7-54dc-4ae7-be41-ec850ac28437","status":429,"time":"2025-12-12 08:58:22"}
{"level":"debug","msg":"限流器状态","name":"local","time":"2025-12-12 08:58:22","tokens":99}
{"error":"token is malformed: token contains an invalid number of segments","level":"error","msg":"JWT token解析错误","time":"2025-12-12 08:58:22"}
{"duration":"2.5091ms","level":"info","method":"POST","msg":"请求处理完成","path":"/employee/refresh","request_id":"b9f41f4a-2f25-414c-83c3-c3239e80bec6","status":401,"time":"2025-12-12 08:58:22"}
{"level":"debug","msg":"限流器状态","name":"local","time":"2025-12-12 08:58:22","tokens":98}
{"error":"token is malformed: token contains an invalid number of segments","level":"error","msg":"JWT token解析错误","time":"2025-12-12 08:58:22"}
{"duration":"2.8972ms","level":"info","method":"POST","msg":"请求处理完成","path":"/employee/refresh","request_id":"67231e50-83d5-45e9-bfe6-769aed2630b2","status":401,"time":"2025-12-12 08:58:22"}
{"level":"debug","msg":"限流器状态","name":"local","time":"2025-12-12 08:58:22","tokens":97}
{"duration":"1.294ms","level":"info","method":"POST","msg":"请求处理完成","path":"/employee/refresh","request_id":"82ae1779-1700-4c36-bcb1-5ebcec90190f","status":429,"time":"2025-12-12 08:58:22"}
{"error":"token is malformed: token contains an invalid number of segments","level":"error","msg":"JWT token解析错误","time":"2025-12-12 08:58:22"}
{"duration":"1.294ms","level":"info","method":"POST","msg":"请求处理完成","path":"/employee/refresh","request_id":"079682d7-dcd2-46e1-bd86-81af0b3f88e9","status":401,"time":"2025-12-12 08:58:22"}
{"level":"debug","msg":"限流器状态","name":"local","time":"2025-12-12 08:58:22","tokens":97}
{"error":"token is malformed: token contains an invalid number of segments","level":"error","msg":"JWT token解析错误","time":"2025-12-12 08:58:22"}
{"duration":"2.2809ms","level":"info","method":"POST","msg":"请求处理完成","path":"/employee/refresh","request_id":"b8897507-490d-4d1b-aeb6-a5aef13a3775","status":401,"time":"2025-12-12 08:58:22"}
{"duration":"1.0788ms","level":"info","method":"POST","msg":"请求处理完成","path":"/employee/refresh","request_id":"06c3ca6f-ea75-429f-9769-fbb367d5c4ca","status":429,"time":"2025-12-12 08:58:26"}
{"level":"debug","msg":"限流器状态","name":"local","time":"2025-12-12 08:58:26","tokens":99}
{"error":"token is malformed: token contains an invalid number of segments","level":"error","msg":"JWT token解析错误","time":"2025-12-12 08:58:26"}
{"duration":"2.1812ms","level":"info","method":"POST","msg":"请求处理完成","path":"/employee/refresh","request_id":"3d6268ec-9fae-43d1-a6af-7376afb1994c","status":401,"time":"2025-12-12 08:58:26"}
{"level":"debug","msg":"限流器状态","name":"local","time":"2025-12-12 08:58:26","tokens":98}
{"error":"token is malformed: token contains an invalid number of segments","level":"error","msg":"JWT token解析错误","time":"2025-12-12 08:58:26"}
{"duration":"2.2043ms","level":"info","method":"POST","msg":"请求处理完成","path":"/employee/refresh","request_id":"0f010fe0-55de-4fa0-bfc0-c873bd8236d8","status":401,"time":"2025-12-12 08:58:26"}
{"duration":"1.0663ms","level":"info","method":"POST","msg":"请求处理完成","path":"/employee/refresh","request_id":"7824f070-8339-4d65-98df-549609114b1f","status":429,"time":"2025-12-12 08:58:26"}
{"level":"debug","msg":"限流器状态","name":"local","time":"2025-12-12 08:58:26","tokens":97}
{"duration":"1.1198ms","level":"info","method":"POST","msg":"请求处理完成","path":"/employee/refresh","request_id":"9147c8b4-a8ec-4b8d-8d36-43e8d8418eef","status":429,"time":"2025-12-12 08:58:26"}
{"error":"token is malformed: token contains an invalid number of segments","level":"error","msg":"JWT token解析错误","time":"2025-12-12 08:58:26"}
{"duration":"1.6419ms","level":"info","method":"POST","msg":"请求处理完成","path":"/employee/refresh","request_id":"4a59e990-92e3-4050-9585-81784c715a4e","status":401,"time":"2025-12-12 08:58:26"}
{"level":"debug","msg":"限流器状态","name":"local","time":"2025-12-12 08:58:26","tokens":99}
{"error":"token is malformed: token contains an invalid number of segments","level":"error","msg":"JWT token解析错误","time":"2025-12-12 08:58:26"}
{"duration":"2.0951ms","level":"info","method":"POST","msg":"请求处理完成","path":"/employee/refresh","request_id":"56425fe1-90e9-479c-bfcb-c2ef77a4fa54","status":401,"time":"2025-12-12 08:58:26"}
{"duration":"1.5103ms","level":"info","method":"POST","msg":"请求处理完成","path":"/employee/refresh","request_id":"325a1cfb-3e51-4aca-8780-ff1de975c75a","status":429,"time":"2025-12-12 08:58:29"}
{"level":"debug","msg":"限流器状态","name":"local","time":"2025-12-12 08:58:29","tokens":99}
{"level":"debug","msg":"限流器状态","name":"local","time":"2025-12-12 08:58:29","tokens":98}
{"error":"token is malformed: token contains an invalid number of segments","level":"error","msg":"JWT token解析错误","time":"2025-12-12 08:58:29"}
{"duration":"2.0554ms","level":"info","method":"POST","msg":"请求处理完成","path":"/employee/refresh","request_id":"fb4f3621-ed41-4be7-b4cf-f8b07070049e","status":401,"time":"2025-12-12 08:58:29"}
{"error":"token is malformed: token contains an invalid number of segments","level":"error","msg":"JWT token解析错误","time":"2025-12-12 08:58:29"}
{"duration":"2.0554ms","level":"info","method":"POST","msg":"请求处理完成","path":"/employee/refresh","request_id":"46aed935-97b4-4d21-b559-aa277d8150db","status":401,"time":"2025-12-12 08:58:29"}
{"duration":"0s","level":"info","method":"POST","msg":"请求处理完成","path":"/employee/refresh","request_id":"8490b792-6b2d-4da8-b816-61a2aae34ce5","status":429,"time":"2025-12-12 08:58:29"}
{"level":"debug","msg":"限流器状态","name":"local","time":"2025-12-12 08:58:29","tokens":97}
{"duration":"0s","level":"info","method":"POST","msg":"请求处理完成","path":"/employee/refresh","request_id":"72b81854-9f2b-4720-ace8-4556071d7f2e","status":429,"time":"2025-12-12 08:58:29"}
{"error":"token is malformed: token contains an invalid number of segments","level":"error","msg":"JWT token解析错误","time":"2025-12-12 08:58:29"}
{"duration":"0s","level":"info","method":"POST","msg":"请求处理完成","path":"/employee/refresh","request_id":"8d5334a9-cb12-4317-aa72-4c322805657f","status":401,"time":"2025-12-12 08:58:29"}
{"level":"debug","msg":"限流器状态","name":"local","time":"2025-12-12 08:58:30","tokens":99}
{"error":"token is malformed: token contains an invalid number of segments","level":"error","msg":"JWT token解析错误","time":"2025-12-12 08:58:30"}
{"duration":"2.2851ms","level":"info","method":"POST","msg":"请求处理完成","path":"/employee/refresh","request_id":"1f000a57-dd09-400b-b66a-e73431c1fba0","status":401,"time":"2025-12-12 08:58:30"}
{"duration":"1.5076ms","level":"info","method":"POST","msg":"请求处理完成","path":"/employee/refresh","request_id":"de98c2f5-ea3c-497d-9978-b92a57609fa8","status":429,"time":"2025-12-12 08:58:33"}
{"level":"debug","msg":"限流器状态","name":"local","time":"2025-12-12 08:58:33","tokens":99}
{"error":"token is malformed: token contains an invalid number of segments","level":"error","msg":"JWT token解析错误","time":"2025-12-12 08:58:33"}
{"duration":"2.0833ms","level":"info","method":"POST","msg":"请求处理完成","path":"/employee/refresh","request_id":"a723ce79-55cf-45cf-94a5-0542fbdfdfed","status":401,"time":"2025-12-12 08:58:33"}
{"level":"debug","msg":"限流器状态","name":"local","time":"2025-12-12 08:58:33","tokens":98}
{"error":"token is malformed: token contains an invalid number of segments","level":"error","msg":"JWT token解析错误","time":"2025-12-12 08:58:33"}
{"duration":"1.628ms","level":"info","method":"POST","msg":"请求处理完成","path":"/employee/refresh","request_id":"0784d3fd-079c-42cd-ac06-4ab82592c159","status":401,"time":"2025-12-12 08:58:33"}
{"level":"debug","msg":"限流器状态","name":"local","time":"2025-12-12 08:58:33","tokens":97}
{"error":"token is malformed: token contains an invalid number of segments","level":"error","msg":"JWT token解析错误","time":"2025-12-12 08:58:33"}
{"duration":"1.0411ms","level":"info","method":"POST","msg":"请求处理完成","path":"/employee/refresh","request_id":"29a2985f-d8f7-46fb-8875-8a6214710e1a","status":401,"time":"2025-12-12 08:58:33"}
{"level":"debug","msg":"限流器状态","name":"local","time":"2025-12-12 08:58:33","tokens":98}
{"duration":"1.0341ms","level":"info","method":"POST","msg":"请求处理完成","path":"/employee/refresh","request_id":"2a27f830-1d05-4ad6-9516-d1b20abe6909","status":429,"time":"2025-12-12 08:58:33"}
{"error":"token is malformed: token contains an invalid number of segments","level":"error","msg":"JWT token解析错误","time":"2025-12-12 08:58:33"}
{"duration":"1.3507ms","level":"info","method":"POST","msg":"请求处理完成","path":"/employee/refresh","request_id":"412d9aaa-75b2-48c3-bdcd-d5e02e1a1d6c","status":401,"time":"2025-12-12 08:58:33"}
{"level":"debug","msg":"限流器状态","name":"local","time":"2025-12-12 08:58:33","tokens":98}
{"error":"token is malformed: token contains an invalid number of segments","level":"error","msg":"JWT token解析错误","time":"2025-12-12 08:58:33"}
{"duration":"1.6676ms","level":"info","method":"POST","msg":"请求处理完成","path":"/employee/refresh","request_id":"d61c87cb-fab1-47de-b7cd-348564290caa","status":401,"time":"2025-12-12 08:58:33"}
{"level":"debug","msg":"限流器状态","name":"local","time":"2025-12-12 08:58:41","tokens":99}
{"duration":"3.4724ms","level":"info","method":"POST","msg":"请求处理完成","path":"/employee/refresh","request_id":"0ffb1107-d2e3-4510-b7c8-ebeae8e856bb","status":200,"time":"2025-12-12 08:58:41"}
{"level":"debug","msg":"限流器状态","name":"local","time":"2025-12-12 08:59:11","tokens":99}
{"duration":"3.3251ms","level":"info","method":"POST","msg":"请求处理完成","path":"/employee/login","request_id":"9eb0baaa-a817-45cb-9f68-2ef20f63edee","status":429,"time":"2025-12-12 08:59:11"}
{"level":"debug","msg":"限流器状态","name":"local","time":"2025-12-12 08:59:11","tokens":98}
{"duration":"6.7439ms","level":"info","method":"POST","msg":"请求处理完成","path":"/employee/login","request_id":"65cf4563-54d3-4c74-b8eb-c5530a7eecad","status":200,"time":"2025-12-12 08:59:11"}
{"duration":"5.37ms","level":"info","method":"POST","msg":"请求处理完成","path":"/employee/login","request_id":"74a052e5-4935-4cd3-8d72-8235ff75d212","status":200,"time":"2025-12-12 08:59:11"}
{"level":"debug","msg":"限流器状态","name":"local","time":"2025-12-12 08:59:15","tokens":99}
{"level":"debug","msg":"限流器状态","name":"local","time":"2025-12-12 08:59:15","tokens":98}
{"duration":"491.2µs","level":"info","method":"POST","msg":"请求处理完成","path":"/employee/login","request_id":"dcb95e7d-c35f-4289-b022-0d123621ff1b","status":429,"time":"2025-12-12 08:59:15"}
{"duration":"1.0021ms","level":"info","method":"POST","msg":"请求处理完成","path":"/employee/login","request_id":"72704103-6cd6-4e5e-9d4d-b1a3d119762c","status":429,"time":"2025-12-12 08:59:15"}
{"duration":"7.0928ms","level":"info","method":"POST","msg":"请求处理完成","path":"/employee/login","request_id":"5e664d5e-deeb-4e6d-8b3a-fd5414cd103c","status":200,"time":"2025-12-12 08:59:15"}
{"level":"debug","msg":"限流器状态","name":"local","time":"2025-12-12 08:59:15","tokens":97}
{"duration":"3.6369ms","level":"info","method":"POST","msg":"请求处理完成","path":"/employee/login","request_id":"1cdfa14f-4b74-4cb1-86f9-0008957a493c","status":200,"time":"2025-12-12 08:59:15"}
{"duration":"4.5265ms","level":"info","method":"POST","msg":"请求处理完成","path":"/employee/login","request_id":"b8d3f31e-784c-4cb1-81a2-e9d598fe9d40","status":200,"time":"2025-12-12 08:59:15"}
{"level":"debug","msg":"限流器状态","name":"local","time":"2025-12-12 08:59:15","tokens":96}
{"duration":"2.289ms","level":"info","method":"POST","msg":"请求处理完成","path":"/employee/login","request_id":"5cf0e3e2-c8ef-470f-a74c-d9904b530929","status":429,"time":"2025-12-12 08:59:15"}
{"duration":"5.0363ms","level":"info","method":"POST","msg":"请求处理完成","path":"/employee/login","request_id":"f952d922-5f8a-4303-9a96-554edb8ecb67","status":200,"time":"2025-12-12 08:59:15"}
{"level":"info","msg":"数据库表创建成功","time":"2025-12-12 09:55:27"}
{"level":"info","mode":"debug","msg":"服务器启动","time":"2025-12-12 09:55:27"}
{"error":"ERR Error compiling script (new function): user_script:2: unexpected symbol near '/'","level":"error","msg":"限流器执行脚本失败","name":"local","time":"2025-12-12 09:55:35"}
{"client_ip":"::1","level":"warning","msg":"请求过于频繁","time":"2025-12-12 09:55:35"}
{"duration":"7.4893ms","level":"info","method":"POST","msg":"请求处理完成","path":"/employee/login","request_id":"94b66bc8-cae2-418d-a620-8ec09661badf","status":429,"time":"2025-12-12 09:55:35"}
{"level":"info","msg":"数据库表创建成功","time":"2025-12-12 10:30:25"}
{"level":"info","mode":"debug","msg":"服务器启动","time":"2025-12-12 10:30:25"}
{"error":"ERR Error compiling script (new function): user_script:2: unexpected symbol near '/'","level":"error","msg":"限流器执行脚本失败","name":"local","time":"2025-12-12 10:30:28"}
{"client_ip":"::1","level":"warning","msg":"请求过于频繁","time":"2025-12-12 10:30:28"}
{"duration":"648.4µs","level":"info","method":"POST","msg":"请求处理完成","path":"/employee/login","request_id":"ba7a15eb-4e4f-4ac7-9136-0e3a5d243846","status":429,"time":"2025-12-12 10:30:28"}
{"level":"info","msg":"数据库表创建成功","time":"2025-12-12 10:36:01"}
{"level":"info","mode":"debug","msg":"服务器启动","time":"2025-12-12 10:36:01"}
{"error":"ERR Error compiling script (new function): user_script:2: unexpected symbol near '/'","level":"error","msg":"限流器执行脚本失败","name":"local","time":"2025-12-12 10:36:05"}
{"client_ip":"::1","level":"warning","msg":"请求过于频繁","time":"2025-12-12 10:36:05"}
{"duration":"623.8µs","level":"info","method":"POST","msg":"请求处理完成","path":"/employee/login","request_id":"8bd8f4ee-8248-47ac-8b9a-808278cde02c","status":429,"time":"2025-12-12 10:36:05"}
{"level":"info","msg":"数据库表创建成功","time":"2025-12-12 10:39:57"}
{"level":"info","mode":"debug","msg":"服务器启动","time":"2025-12-12 10:39:57"}
{"level":"debug","msg":"限流器状态","name":"local","time":"2025-12-12 10:39:59","tokens":99}
{"duration":"8.7843ms","level":"info","method":"POST","msg":"请求处理完成","path":"/employee/login","request_id":"9c35650e-9dcf-4967-a3b2-3ae0bb245a94","status":200,"time":"2025-12-12 10:39:59"}
{"level":"debug","msg":"限流器状态","name":"local","time":"2025-12-12 10:40:26","tokens":99}
{"duration":"1.5109ms","level":"info","method":"POST","msg":"请求处理完成","path":"/employee/login","request_id":"c0b300bf-a575-4ce4-b557-edf7716c479c","status":200,"time":"2025-12-12 10:40:26"}
{"level":"debug","msg":"限流器状态","name":"local","time":"2025-12-12 10:40:26","tokens":98}
{"duration":"999.2µs","level":"info","method":"POST","msg":"请求处理完成","path":"/employee/login","request_id":"130a765e-0871-49e5-93ed-5386c7af8938","status":200,"time":"2025-12-12 10:40:26"}
{"level":"debug","msg":"限流器状态","name":"local","time":"2025-12-12 10:40:26","tokens":97}
{"duration":"2.0505ms","level":"info","method":"POST","msg":"请求处理完成","path":"/employee/login","request_id":"e7c6291e-9b59-4c56-a649-f7e29449550a","status":200,"time":"2025-12-12 10:40:26"}
{"level":"debug","msg":"限流器状态","name":"local","time":"2025-12-12 10:40:28","tokens":99}
{"level":"debug","msg":"限流器状态","name":"local","time":"2025-12-12 10:40:28","tokens":98}
{"level":"debug","msg":"限流器状态","name":"local","time":"2025-12-12 10:40:28","tokens":97}
{"level":"debug","msg":"限流器状态","name":"local","time":"2025-12-12 10:40:28","tokens":93}
{"level":"debug","msg":"限流器状态","name":"local","time":"2025-12-12 10:40:28","tokens":92}
{"level":"debug","msg":"限流器状态","name":"local","time":"2025-12-12 10:40:28","tokens":94}
{"level":"debug","msg":"限流器状态","name":"local","time":"2025-12-12 10:40:28","tokens":95}
{"duration":"2.2348ms","level":"info","method":"POST","msg":"请求处理完成","path":"/employee/login","request_id":"9ee13320-a285-4b1c-8aba-62de130387c3","status":200,"time":"2025-12-12 10:40:28"}
{"duration":"2.7616ms","level":"info","method":"POST","msg":"请求处理完成","path":"/employee/login","request_id":"6a3b2b6c-bfd7-4908-9d0f-88eb7bf31830","status":200,"time":"2025-12-12 10:40:28"}
{"duration":"2.2979ms","level":"info","method":"POST","msg":"请求处理完成","path":"/employee/login","request_id":"8bb0d2b9-f70b-485a-81cc-217221463280","status":200,"time":"2025-12-12 10:40:28"}
{"duration":"3.4763ms","level":"info","method":"POST","msg":"请求处理完成","path":"/employee/login","request_id":"80c17a97-491b-4d02-b02f-a89ab082b0e7","status":200,"time":"2025-12-12 10:40:28"}
{"duration":"4.5213ms","level":"info","method":"POST","msg":"请求处理完成","path":"/employee/login","request_id":"e9f56b0b-4da0-4c94-a8a8-0fea1494b395","status":200,"time":"2025-12-12 10:40:28"}
{"duration":"4.5213ms","level":"info","method":"POST","msg":"请求处理完成","path":"/employee/login","request_id":"d0d7c1e5-1e4d-4c19-8332-3001a986a230","status":200,"time":"2025-12-12 10:40:28"}
{"duration":"5.048ms","level":"info","method":"POST","msg":"请求处理完成","path":"/employee/login","request_id":"ae68f65f-9b7d-4d87-b103-6dd46a3b8309","status":200,"time":"2025-12-12 10:40:28"}
{"level":"info","msg":"数据库表创建成功","time":"2025-12-12 10:41:25"}
{"level":"info","mode":"debug","msg":"服务器启动","time":"2025-12-12 10:41:25"}
{"level":"debug","msg":"限流器状态","name":"local","time":"2025-12-12 10:41:32","tokens":99}
{"level":"debug","msg":"限流器状态","name":"local","time":"2025-12-12 10:41:32","tokens":98}
{"level":"debug","msg":"限流器状态","name":"local","time":"2025-12-12 10:41:32","tokens":96}
{"duration":"2.6666ms","level":"info","method":"POST","msg":"请求处理完成","path":"/employee/login","request_id":"9dcc4939-a6a8-4d03-bc99-fb2fcd9a1784","status":200,"time":"2025-12-12 10:41:32"}
{"duration":"3.1875ms","level":"info","method":"POST","msg":"请求处理完成","path":"/employee/login","request_id":"bdce880b-6fa8-428a-a347-d2c652f0a494","status":200,"time":"2025-12-12 10:41:32"}
{"duration":"2.5875ms","level":"info","method":"POST","msg":"请求处理完成","path":"/employee/login","request_id":"f9ab013a-a9b9-49a7-9d91-5023786f8f00","status":200,"time":"2025-12-12 10:41:32"}
{"level":"debug","msg":"限流器状态","name":"local","time":"2025-12-12 10:41:33","tokens":97}
{"level":"debug","msg":"限流器状态","name":"local","time":"2025-12-12 10:41:33","tokens":99}
{"level":"debug","msg":"限流器状态","name":"local","time":"2025-12-12 10:41:33","tokens":96}
{"duration":"1.5496ms","level":"info","method":"POST","msg":"请求处理完成","path":"/employee/login","request_id":"236ab654-8112-47eb-8979-42f1abf2b678","status":200,"time":"2025-12-12 10:41:33"}
{"duration":"2.9818ms","level":"info","method":"POST","msg":"请求处理完成","path":"/employee/login","request_id":"f94e8733-9ed9-48ff-bc78-a420e725f34f","status":200,"time":"2025-12-12 10:41:33"}
{"duration":"2.0905ms","level":"info","method":"POST","msg":"请求处理完成","path":"/employee/login","request_id":"114aaba3-63ef-4c4f-99a8-05963f4eced0","status":200,"time":"2025-12-12 10:41:33"}
{"level":"debug","msg":"限流器状态","name":"local","time":"2025-12-12 10:41:34","tokens":97}
{"level":"debug","msg":"限流器状态","name":"local","time":"2025-12-12 10:41:34","tokens":99}
{"level":"debug","msg":"限流器状态","name":"local","time":"2025-12-12 10:41:34","tokens":95}
{"duration":"1.5397ms","level":"info","method":"POST","msg":"请求处理完成","path":"/employee/login","request_id":"9fd83dcf-872f-4d36-b806-645d26912ee7","status":200,"time":"2025-12-12 10:41:34"}
{"duration":"1.5397ms","level":"info","method":"POST","msg":"请求处理完成","path":"/employee/login","request_id":"6d811043-3bde-4d25-a8c7-8fb024be3246","status":200,"time":"2025-12-12 10:41:34"}
{"duration":"2.5717ms","level":"info","method":"POST","msg":"请求处理完成","path":"/employee/login","request_id":"b67957d8-e545-4ff2-84d4-6cbedd4b67c2","status":200,"time":"2025-12-12 10:41:34"}
{"level":"debug","msg":"限流器状态","name":"local","time":"2025-12-12 10:41:34","tokens":97}
{"level":"debug","msg":"限流器状态","name":"local","time":"2025-12-12 10:41:34","tokens":98}
{"level":"debug","msg":"限流器状态","name":"local","time":"2025-12-12 10:41:34","tokens":99}
{"level":"debug","msg":"限流器状态","name":"local","time":"2025-12-12 10:41:34","tokens":96}
{"level":"debug","msg":"限流器状态","name":"local","time":"2025-12-12 10:41:34","tokens":95}
{"duration":"2.111ms","level":"info","method":"POST","msg":"请求处理完成","path":"/employee/login","request_id":"189375ad-1f7a-4312-9bec-899042202d0e","status":200,"time":"2025-12-12 10:41:34"}
{"duration":"1.5501ms","level":"info","method":"POST","msg":"请求处理完成","path":"/employee/login","request_id":"662bbc7d-beda-456a-a1fb-d2decb2d0ccd","status":200,"time":"2025-12-12 10:41:34"}
{"duration":"2.111ms","level":"info","method":"POST","msg":"请求处理完成","path":"/employee/login","request_id":"3d4c5e4e-e488-4e01-8845-64b11437fafe","status":200,"time":"2025-12-12 10:41:34"}
{"level":"debug","msg":"限流器状态","name":"local","time":"2025-12-12 10:41:34","tokens":93}
{"level":"debug","msg":"限流器状态","name":"local","time":"2025-12-12 10:41:34","tokens":92}
{"duration":"2.0646ms","level":"info","method":"POST","msg":"请求处理完成","path":"/employee/login","request_id":"e5746b93-2afd-4c1d-93b5-63b81a6f545e","status":200,"time":"2025-12-12 10:41:34"}
{"duration":"2.6255ms","level":"info","method":"POST","msg":"请求处理完成","path":"/employee/login","request_id":"3381a924-a259-4b1d-bfe9-c17c9980170f","status":200,"time":"2025-12-12 10:41:34"}
{"duration":"2.6255ms","level":"info","method":"POST","msg":"请求处理完成","path":"/employee/login","request_id":"c0d56fb0-edef-41c2-b3b2-c73bf89e77e1","status":200,"time":"2025-12-12 10:41:34"}
{"duration":"3.6853ms","level":"info","method":"POST","msg":"请求处理完成","path":"/employee/login","request_id":"891ab9cf-d49b-4a76-90af-ddea00483e13","status":200,"time":"2025-12-12 10:41:34"}
{"level":"debug","msg":"限流器状态","name":"local","time":"2025-12-12 10:41:35","tokens":99}
{"level":"debug","msg":"限流器状态","name":"local","time":"2025-12-12 10:41:35","tokens":97}
{"level":"debug","msg":"限流器状态","name":"local","time":"2025-12-12 10:41:35","tokens":96}
{"duration":"1.65ms","level":"info","method":"POST","msg":"请求处理完成","path":"/employee/login","request_id":"e42ac52b-a430-4d0e-9845-e894024644c7","status":200,"time":"2025-12-12 10:41:35"}
{"duration":"1.65ms","level":"info","method":"POST","msg":"请求处理完成","path":"/employee/login","request_id":"56155f65-bf6a-43d0-a450-3e454e8fa651","status":200,"time":"2025-12-12 10:41:35"}
{"duration":"1.584ms","level":"info","method":"POST","msg":"请求处理完成","path":"/employee/login","request_id":"351d857c-e5bd-450e-bc51-c7b60a74216d","status":200,"time":"2025-12-12 10:41:35"}
{"level":"debug","msg":"限流器状态","name":"local","time":"2025-12-12 10:41:35","tokens":97}
{"level":"debug","msg":"限流器状态","name":"local","time":"2025-12-12 10:41:35","tokens":99}
{"level":"debug","msg":"限流器状态","name":"local","time":"2025-12-12 10:41:35","tokens":96}
{"duration":"2.6479ms","level":"info","method":"POST","msg":"请求处理完成","path":"/employee/login","request_id":"8a155211-d05b-4e01-ba95-91e1d6964805","status":200,"time":"2025-12-12 10:41:35"}
{"duration":"2.6479ms","level":"info","method":"POST","msg":"请求处理完成","path":"/employee/login","request_id":"57a7ba3d-966f-46d7-b0e5-f05141b64bab","status":200,"time":"2025-12-12 10:41:35"}
{"duration":"2.7236ms","level":"info","method":"POST","msg":"请求处理完成","path":"/employee/login","request_id":"dcd7d537-ca75-4f27-821a-17e5e6ea1fde","status":200,"time":"2025-12-12 10:41:35"}
{"level":"debug","msg":"限流器状态","name":"local","time":"2025-12-12 10:41:36","tokens":99}
{"level":"debug","msg":"限流器状态","name":"local","time":"2025-12-12 10:41:36","tokens":97}
{"level":"debug","msg":"限流器状态","name":"local","time":"2025-12-12 10:41:36","tokens":96}
{"duration":"1.0208ms","level":"info","method":"POST","msg":"请求处理完成","path":"/employee/login","request_id":"89c164ad-7c36-4014-b349-0e405e7c3e3f","status":200,"time":"2025-12-12 10:41:36"}
{"duration":"1.0208ms","level":"info","method":"POST","msg":"请求处理完成","path":"/employee/login","request_id":"f3980018-6ef0-4260-9430-ea8976348937","status":200,"time":"2025-12-12 10:41:36"}
{"duration":"1.5416ms","level":"info","method":"POST","msg":"请求处理完成","path":"/employee/login","request_id":"ea835ac3-c699-4db0-ac72-acf0bc3da03f","status":200,"time":"2025-12-12 10:41:36"}
{"level":"debug","msg":"限流器状态","name":"local","time":"2025-12-12 10:41:37","tokens":99}
{"duration":"2.8603ms","level":"info","method":"POST","msg":"请求处理完成","path":"/employee/login","request_id":"23fd368a-11e3-4fda-bdf3-5c988e869a48","status":200,"time":"2025-12-12 10:41:37"}
{"level":"debug","msg":"限流器状态","name":"local","time":"2025-12-12 10:41:37","tokens":98}
{"level":"debug","msg":"限流器状态","name":"local","time":"2025-12-12 10:41:37","tokens":96}
{"level":"debug","msg":"限流器状态","name":"local","time":"2025-12-12 10:41:37","tokens":97}
{"duration":"1.1056ms","level":"info","method":"POST","msg":"请求处理完成","path":"/employee/login","request_id":"8ca54301-daca-4fb9-ac51-edf9f5cc9033","status":200,"time":"2025-12-12 10:41:37"}
{"duration":"1.1056ms","level":"info","method":"POST","msg":"请求处理完成","path":"/employee/login","request_id":"6c807dc8-6611-42fa-9c90-16674cc6f866","status":200,"time":"2025-12-12 10:41:37"}
{"duration":"1.7413ms","level":"info","method":"POST","msg":"请求处理完成","path":"/employee/login","request_id":"efdad5ed-4f13-4daa-a14b-47eb31772478","status":200,"time":"2025-12-12 10:41:37"}
{"level":"debug","msg":"限流器状态","name":"local","time":"2025-12-12 10:41:37","tokens":95}
{"level":"debug","msg":"限流器状态","name":"local","time":"2025-12-12 10:41:37","tokens":93}
{"level":"debug","msg":"限流器状态","name":"local","time":"2025-12-12 10:41:37","tokens":94}
{"duration":"503.2µs","level":"info","method":"POST","msg":"请求处理完成","path":"/employee/login","request_id":"3b5caca1-df1a-43a8-a8c1-18a8ef2e0a37","status":200,"time":"2025-12-12 10:41:37"}
{"duration":"1.0328ms","level":"info","method":"POST","msg":"请求处理完成","path":"/employee/login","request_id":"9944f77e-1bd3-46aa-9c4e-30aa2e3ab4b6","status":200,"time":"2025-12-12 10:41:37"}
{"duration":"1.548ms","level":"info","method":"POST","msg":"请求处理完成","path":"/employee/login","request_id":"9228c9e2-bc7f-4eda-ab28-fe073dbd4396","status":200,"time":"2025-12-12 10:41:37"}
{"level":"debug","msg":"限流器状态","name":"local","time":"2025-12-12 10:41:37","tokens":99}
{"level":"debug","msg":"限流器状态","name":"local","time":"2025-12-12 10:41:37","tokens":98}
{"duration":"1.5332ms","level":"info","method":"POST","msg":"请求处理完成","path":"/employee/login","request_id":"4aee2992-2a4b-48a3-aee4-fddb313d0683","status":200,"time":"2025-12-12 10:41:37"}
{"duration":"1.5332ms","level":"info","method":"POST","msg":"请求处理完成","path":"/employee/login","request_id":"7a2d71e2-7189-4fcc-9a05-a5a4227b5011","status":200,"time":"2025-12-12 10:41:37"}
{"level":"debug","msg":"限流器状态","name":"local","time":"2025-12-12 10:41:37","tokens":97}
{"duration":"504.9µs","level":"info","method":"POST","msg":"请求处理完成","path":"/employee/login","request_id":"aacd98db-5e7b-4908-b113-80303af822d1","status":200,"time":"2025-12-12 10:41:37"}
{"level":"debug","msg":"限流器状态","name":"local","time":"2025-12-12 10:41:38","tokens":99}
{"duration":"1.0295ms","level":"info","method":"POST","msg":"请求处理完成","path":"/employee/login","request_id":"c090d72c-be79-41d1-8055-3e6ba9e00637","status":200,"time":"2025-12-12 10:41:38"}
{"level":"debug","msg":"限流器状态","name":"local","time":"2025-12-12 10:41:38","tokens":98}
{"level":"debug","msg":"限流器状态","name":"local","time":"2025-12-12 10:41:38","tokens":97}
{"duration":"1.1308ms","level":"info","method":"POST","msg":"请求处理完成","path":"/employee/login","request_id":"032d8eb7-7fe7-424e-b366-9f4388cedd7f","status":200,"time":"2025-12-12 10:41:38"}
{"duration":"1.2166ms","level":"info","method":"POST","msg":"请求处理完成","path":"/employee/login","request_id":"980b9c2f-958b-4358-b46d-796e5fb2aa79","status":200,"time":"2025-12-12 10:41:38"}
{"level":"debug","msg":"限流器状态","name":"local","time":"2025-12-12 10:41:39","tokens":99}
{"duration":"1.084ms","level":"info","method":"POST","msg":"请求处理完成","path":"/employee/login","request_id":"3aab9a2d-1b1a-4a6f-87c2-8ad586526e5f","status":200,"time":"2025-12-12 10:41:39"}
{"level":"debug","msg":"限流器状态","name":"local","time":"2025-12-12 10:41:39","tokens":98}
{"level":"debug","msg":"限流器状态","name":"local","time":"2025-12-12 10:41:39","tokens":96}
{"duration":"1.4186ms","level":"info","method":"POST","msg":"请求处理完成","path":"/employee/login","request_id":"52e09045-95a3-4645-9e60-c49c01642f03","status":200,"time":"2025-12-12 10:41:39"}
{"duration":"1.4186ms","level":"info","method":"POST","msg":"请求处理完成","path":"/employee/login","request_id":"d499178a-0d7b-4314-b682-996243d77357","status":200,"time":"2025-12-12 10:41:39"}
{"level":"debug","msg":"限流器状态","name":"local","time":"2025-12-12 10:41:39","tokens":99}
{"duration":"1.0248ms","level":"info","method":"POST","msg":"请求处理完成","path":"/employee/login","request_id":"03a2db47-4c70-4c1e-8274-c12028c047c7","status":200,"time":"2025-12-12 10:41:39"}
{"level":"debug","msg":"限流器状态","name":"local","time":"2025-12-12 10:41:39","tokens":98}
{"level":"debug","msg":"限流器状态","name":"local","time":"2025-12-12 10:41:39","tokens":96}
{"level":"debug","msg":"限流器状态","name":"local","time":"2025-12-12 10:41:39","tokens":97}
{"duration":"1.2609ms","level":"info","method":"POST","msg":"请求处理完成","path":"/employee/login","request_id":"b7d74a1f-a40a-4d1d-9bc5-527c1a19764f","status":200,"time":"2025-12-12 10:41:39"}
{"level":"debug","msg":"限流器状态","name":"local","time":"2025-12-12 10:41:39","tokens":95}
{"duration":"1.2609ms","level":"info","method":"POST","msg":"请求处理完成","path":"/employee/login","request_id":"dc7077de-1ecf-4c62-98a9-66406505860d","status":200,"time":"2025-12-12 10:41:39"}
{"level":"debug","msg":"限流器状态","name":"local","time":"2025-12-12 10:41:39","tokens":93}
{"duration":"2.4564ms","level":"info","method":"POST","msg":"请求处理完成","path":"/employee/login","request_id":"614d3814-d765-4292-b1ac-6748625de8ed","status":200,"time":"2025-12-12 10:41:39"}
{"duration":"1.1955ms","level":"info","method":"POST","msg":"请求处理完成","path":"/employee/login","request_id":"da4918c6-21df-4423-9194-51aa99db13da","status":200,"time":"2025-12-12 10:41:39"}
{"duration":"1.1955ms","level":"info","method":"POST","msg":"请求处理完成","path":"/employee/login","request_id":"d517081c-ca03-4a03-82b4-f69bf5b31ead","status":200,"time":"2025-12-12 10:41:39"}
{"level":"debug","msg":"限流器状态","name":"local","time":"2025-12-12 10:41:39","tokens":99}
{"duration":"2.3854ms","level":"info","method":"POST","msg":"请求处理完成","path":"/employee/login","request_id":"c4479a83-4fe9-49fa-9bac-01cbb0e8dac1","status":200,"time":"2025-12-12 10:41:39"}
{"level":"debug","msg":"限流器状态","name":"local","time":"2025-12-12 10:41:40","tokens":99}
{"level":"debug","msg":"限流器状态","name":"local","time":"2025-12-12 10:41:40","tokens":98}
{"duration":"1.1755ms","level":"info","method":"POST","msg":"请求处理完成","path":"/employee/login","request_id":"62ddcf11-57fc-4a8d-b73e-1eda09cecafc","status":200,"time":"2025-12-12 10:41:40"}
{"duration":"1.0446ms","level":"info","method":"POST","msg":"请求处理完成","path":"/employee/login","request_id":"81f18c82-2b48-4fe7-8186-f6d1b7ac7bc5","status":200,"time":"2025-12-12 10:41:40"}
{"level":"debug","msg":"限流器状态","name":"local","time":"2025-12-12 10:41:40","tokens":97}
{"duration":"502.8µs","level":"info","method":"POST","msg":"请求处理完成","path":"/employee/login","request_id":"5ef5b206-c7f7-44a0-9f4a-50ff0ad77227","status":200,"time":"2025-12-12 10:41:40"}
{"level":"debug","msg":"限流器状态","name":"local","time":"2025-12-12 10:41:41","tokens":99}
{"duration":"1.5161ms","level":"info","method":"POST","msg":"请求处理完成","path":"/employee/login","request_id":"bcfd1103-09a4-480b-8a75-bd1f6ff0e65a","status":200,"time":"2025-12-12 10:41:41"}
{"level":"debug","msg":"限流器状态","name":"local","time":"2025-12-12 10:41:41","tokens":98}
{"level":"debug","msg":"限流器状态","name":"local","time":"2025-12-12 10:41:41","tokens":99}
{"level":"debug","msg":"限流器状态","name":"local","time":"2025-12-12 10:41:41","tokens":95}
{"level":"debug","msg":"限流器状态","name":"local","time":"2025-12-12 10:41:41","tokens":97}
{"level":"debug","msg":"限流器状态","name":"local","time":"2025-12-12 10:41:41","tokens":96}
{"duration":"2.8278ms","level":"info","method":"POST","msg":"请求处理完成","path":"/employee/login","request_id":"4c8b46ec-f1ab-48ee-b880-9117288467cc","status":200,"time":"2025-12-12 10:41:41"}
{"duration":"2.8278ms","level":"info","method":"POST","msg":"请求处理完成","path":"/employee/login","request_id":"86cad59f-197b-4469-a724-269b65ff5770","status":200,"time":"2025-12-12 10:41:41"}
{"duration":"3.3506ms","level":"info","method":"POST","msg":"请求处理完成","path":"/employee/login","request_id":"4d3916b8-b5a0-492a-a0b9-c21542f0c6f3","status":200,"time":"2025-12-12 10:41:41"}
{"duration":"3.9484ms","level":"info","method":"POST","msg":"请求处理完成","path":"/employee/login","request_id":"7ed20e9f-bd52-4153-b8aa-585567f7ecca","status":200,"time":"2025-12-12 10:41:41"}
{"duration":"3.9484ms","level":"info","method":"POST","msg":"请求处理完成","path":"/employee/login","request_id":"d138bb24-ba96-4e88-ab3f-c2cbaf448587","status":200,"time":"2025-12-12 10:41:41"}
{"level":"debug","msg":"限流器状态","name":"local","time":"2025-12-12 10:41:42","tokens":99}
{"duration":"2.1478ms","level":"info","method":"POST","msg":"请求处理完成","path":"/employee/login","request_id":"19d3d12a-dbcd-4ae2-a4c9-4969e62208e8","status":200,"time":"2025-12-12 10:41:42"}
{"level":"debug","msg":"限流器状态","name":"local","time":"2025-12-12 10:41:43","tokens":99}
{"duration":"1.6214ms","level":"info","method":"POST","msg":"请求处理完成","path":"/employee/login","request_id":"8e5bc79f-b78c-4210-97da-25fdb6cd1526","status":200,"time":"2025-12-12 10:41:43"}
{"level":"debug","msg":"限流器状态","name":"local","time":"2025-12-12 10:41:43","tokens":99}
{"level":"debug","msg":"限流器状态","name":"local","time":"2025-12-12 10:41:43","tokens":97}
{"level":"debug","msg":"限流器状态","name":"local","time":"2025-12-12 10:41:43","tokens":98}
{"level":"debug","msg":"限流器状态","name":"local","time":"2025-12-12 10:41:43","tokens":96}
{"level":"debug","msg":"限流器状态","name":"local","time":"2025-12-12 10:41:43","tokens":95}
{"level":"debug","msg":"限流器状态","name":"local","time":"2025-12-12 10:41:43","tokens":94}
{"duration":"1.0383ms","level":"info","method":"POST","msg":"请求处理完成","path":"/employee/login","request_id":"dfe4a2a1-a279-4745-9910-57c6d8003d92","status":200,"time":"2025-12-12 10:41:43"}
{"duration":"1.5969ms","level":"info","method":"POST","msg":"请求处理完成","path":"/employee/login","request_id":"266689a4-26e2-4512-b831-48e815e03ac4","status":200,"time":"2025-12-12 10:41:43"}
{"duration":"1.0922ms","level":"info","method":"POST","msg":"请求处理完成","path":"/employee/login","request_id":"1256656c-45b8-40c8-b4b6-a50722b89847","status":200,"time":"2025-12-12 10:41:43"}
{"duration":"2.1257ms","level":"info","method":"POST","msg":"请求处理完成","path":"/employee/login","request_id":"fe510883-85b0-4391-aa07-a45050db7bbc","status":200,"time":"2025-12-12 10:41:43"}
{"duration":"1.0874ms","level":"info","method":"POST","msg":"请求处理完成","path":"/employee/login","request_id":"4637bcfe-d065-447c-b0a0-b23dbd2bdde7","status":200,"time":"2025-12-12 10:41:43"}
{"duration":"2.1257ms","level":"info","method":"POST","msg":"请求处理完成","path":"/employee/login","request_id":"d69cbf2f-c659-405e-81d6-932adf2cee12","status":200,"time":"2025-12-12 10:41:43"}
{"level":"debug","msg":"限流器状态","name":"local","time":"2025-12-12 10:41:46","tokens":99}
{"duration":"2.2923ms","level":"info","method":"POST","msg":"请求处理完成","path":"/employee/login","request_id":"412db20a-53c1-40d7-8bfc-b99e3c829b4a","status":200,"time":"2025-12-12 10:41:46"}
{"level":"debug","msg":"限流器状态","name":"local","time":"2025-12-12 10:41:46","tokens":95}
{"level":"debug","msg":"限流器状态","name":"local","time":"2025-12-12 10:41:46","tokens":99}
{"level":"debug","msg":"限流器状态","name":"local","time":"2025-12-12 10:41:46","tokens":96}
{"level":"debug","msg":"限流器状态","name":"local","time":"2025-12-12 10:41:46","tokens":98}
{"level":"debug","msg":"限流器状态","name":"local","time":"2025-12-12 10:41:46","tokens":93}
{"duration":"1.7339ms","level":"info","method":"POST","msg":"请求处理完成","path":"/employee/login","request_id":"3b474143-ce68-489d-b915-bf1334fb5d9e","status":200,"time":"2025-12-12 10:41:46"}
{"duration":"2.2435ms","level":"info","method":"POST","msg":"请求处理完成","path":"/employee/login","request_id":"6740f56a-f715-4bd0-af7a-db8c82a5d28a","status":200,"time":"2025-12-12 10:41:46"}
{"duration":"1.7339ms","level":"info","method":"POST","msg":"请求处理完成","path":"/employee/login","request_id":"a3792671-eb59-4d3d-80d5-3e5891470b61","status":200,"time":"2025-12-12 10:41:46"}
{"duration":"2.7658ms","level":"info","method":"POST","msg":"请求处理完成","path":"/employee/login","request_id":"63d7a8d9-2302-40fb-8988-0b9c92b9567f","status":200,"time":"2025-12-12 10:41:46"}
{"duration":"2.2562ms","level":"info","method":"POST","msg":"请求处理完成","path":"/employee/login","request_id":"eb360054-512c-451a-99c2-b7b145a238ae","status":200,"time":"2025-12-12 10:41:46"}
{"level":"debug","msg":"限流器状态","name":"local","time":"2025-12-12 10:41:46","tokens":99}
{"duration":"1.6063ms","level":"info","method":"POST","msg":"请求处理完成","path":"/employee/login","request_id":"cc59693a-1fa5-404d-a23b-fb217875178f","status":200,"time":"2025-12-12 10:41:46"}
{"level":"debug","msg":"限流器状态","name":"local","time":"2025-12-12 10:41:48","tokens":99}
{"duration":"2.8031ms","level":"info","method":"POST","msg":"请求处理完成","path":"/employee/login","request_id":"00dcb453-489f-479c-9afa-a6774efcffab","status":200,"time":"2025-12-12 10:41:48"}
{"level":"debug","msg":"限流器状态","name":"local","time":"2025-12-12 10:41:48","tokens":94}
{"level":"debug","msg":"限流器状态","name":"local","time":"2025-12-12 10:41:48","tokens":92}
{"level":"debug","msg":"限流器状态","name":"local","time":"2025-12-12 10:41:48","tokens":96}
{"level":"debug","msg":"限流器状态","name":"local","time":"2025-12-12 10:41:48","tokens":98}
{"duration":"2.0354ms","level":"info","method":"POST","msg":"请求处理完成","path":"/employee/login","request_id":"ee9ba39f-5b28-4aba-9ca3-17d6e54ef01a","status":200,"time":"2025-12-12 10:41:48"}
{"duration":"2.5639ms","level":"info","method":"POST","msg":"请求处理完成","path":"/employee/login","request_id":"ad249892-611f-44b4-b1e1-c9e13a5aa98a","status":200,"time":"2025-12-12 10:41:48"}
{"level":"debug","msg":"限流器状态","name":"local","time":"2025-12-12 10:41:48","tokens":91}
{"level":"debug","msg":"限流器状态","name":"local","time":"2025-12-12 10:41:48","tokens":90}
{"duration":"1.6985ms","level":"info","method":"POST","msg":"请求处理完成","path":"/employee/login","request_id":"19ffa358-3c81-4b03-992c-a20aaf6d167d","status":200,"time":"2025-12-12 10:41:48"}
{"duration":"3.7339ms","level":"info","method":"POST","msg":"请求处理完成","path":"/employee/login","request_id":"bb2c15c1-1ad0-46eb-85f8-b6661180e73c","status":200,"time":"2025-12-12 10:41:48"}
{"duration":"4.3181ms","level":"info","method":"POST","msg":"请求处理完成","path":"/employee/login","request_id":"4d8ad939-fcdc-4573-8456-d19e1c6d4799","status":200,"time":"2025-12-12 10:41:48"}
{"duration":"1.7542ms","level":"info","method":"POST","msg":"请求处理完成","path":"/employee/login","request_id":"69fe96e3-fdc7-4706-8597-9e25dfc9a6db","status":200,"time":"2025-12-12 10:41:48"}
{"level":"debug","msg":"限流器状态","name":"local","time":"2025-12-12 10:41:51","tokens":99}
{"level":"debug","msg":"限流器状态","name":"local","time":"2025-12-12 10:41:51","tokens":98}
{"duration":"1.3218ms","level":"info","method":"POST","msg":"请求处理完成","path":"/employee/login","request_id":"ed2759d5-6e7d-4131-8d00-e1d7d5f8208f","status":200,"time":"2025-12-12 10:41:51"}
{"duration":"1.2092ms","level":"info","method":"POST","msg":"请求处理完成","path":"/employee/login","request_id":"d2e338c5-5f15-46f4-8c28-396bc0387db5","status":200,"time":"2025-12-12 10:41:51"}
{"level":"debug","msg":"限流器状态","name":"local","time":"2025-12-12 10:41:51","tokens":97}
{"level":"debug","msg":"限流器状态","name":"local","time":"2025-12-12 10:41:51","tokens":93}
{"level":"debug","msg":"限流器状态","name":"local","time":"2025-12-12 10:41:51","tokens":95}
{"level":"debug","msg":"限流器状态","name":"local","time":"2025-12-12 10:41:51","tokens":91}
{"level":"debug","msg":"限流器状态","name":"local","time":"2025-12-12 10:41:51","tokens":89}
{"duration":"1.075ms","level":"info","method":"POST","msg":"请求处理完成","path":"/employee/login","request_id":"23f12fc9-8394-4b27-ae3b-a739d268d3ae","status":200,"time":"2025-12-12 10:41:51"}
{"duration":"1.075ms","level":"info","method":"POST","msg":"请求处理完成","path":"/employee/login","request_id":"c3b3ba15-00f5-465c-ba62-1ae027868ad6","status":200,"time":"2025-12-12 10:41:51"}
{"duration":"1.075ms","level":"info","method":"POST","msg":"请求处理完成","path":"/employee/login","request_id":"f6a21b2b-3770-49b9-9b29-9d3feb0e5132","status":200,"time":"2025-12-12 10:41:51"}
{"duration":"1.6161ms","level":"info","method":"POST","msg":"请求处理完成","path":"/employee/login","request_id":"0c369ebb-48fd-40fc-9def-861da138cbe2","status":200,"time":"2025-12-12 10:41:51"}
{"duration":"1.6161ms","level":"info","method":"POST","msg":"请求处理完成","path":"/employee/login","request_id":"55078367-dd3c-4bcb-96f3-250940615f26","status":200,"time":"2025-12-12 10:41:51"}
{"level":"debug","msg":"限流器状态","name":"local","time":"2025-12-12 10:41:54","tokens":99}
{"duration":"1.6141ms","level":"info","method":"POST","msg":"请求处理完成","path":"/employee/login","request_id":"d4bce69b-4877-4f8c-a3b0-d2888f9b10e1","status":200,"time":"2025-12-12 10:41:54"}
{"level":"debug","msg":"限流器状态","name":"local","time":"2025-12-12 10:41:54","tokens":98}
{"duration":"1.0263ms","level":"info","method":"POST","msg":"请求处理完成","path":"/employee/login","request_id":"27c6ffe7-3009-4c60-832b-c8812f9d239f","status":200,"time":"2025-12-12 10:41:54"}
{"level":"debug","msg":"限流器状态","name":"local","time":"2025-12-12 10:41:54","tokens":97}
{"level":"debug","msg":"限流器状态","name":"local","time":"2025-12-12 10:41:54","tokens":94}
{"level":"debug","msg":"限流器状态","name":"local","time":"2025-12-12 10:41:54","tokens":96}
{"level":"debug","msg":"限流器状态","name":"local","time":"2025-12-12 10:41:54","tokens":95}
{"duration":"1.2541ms","level":"info","method":"POST","msg":"请求处理完成","path":"/employee/login","request_id":"f47bfc1c-f4c6-46e9-8acd-6d39aa15b6aa","status":200,"time":"2025-12-12 10:41:54"}
{"duration":"1.8073ms","level":"info","method":"POST","msg":"请求处理完成","path":"/employee/login","request_id":"d8f33f58-6e15-4ed9-b6a4-c88824aa3a50","status":200,"time":"2025-12-12 10:41:54"}
{"duration":"1.8073ms","level":"info","method":"POST","msg":"请求处理完成","path":"/employee/login","request_id":"6a1092fa-05bb-4b40-8d4d-b40f2ee7a057","status":200,"time":"2025-12-12 10:41:54"}
{"duration":"2.3249ms","level":"info","method":"POST","msg":"请求处理完成","path":"/employee/login","request_id":"2aa6ac3d-9871-46c3-b225-37d1462f0d8b","status":200,"time":"2025-12-12 10:41:54"}
{"level":"debug","msg":"限流器状态","name":"local","time":"2025-12-12 10:41:54","tokens":99}
{"duration":"1.213ms","level":"info","method":"POST","msg":"请求处理完成","path":"/employee/login","request_id":"0d57b90b-4c71-40d5-a1bd-84426dd1926f","status":200,"time":"2025-12-12 10:41:54"}
{"level":"debug","msg":"限流器状态","name":"local","time":"2025-12-12 10:41:56","tokens":99}
{"duration":"1.6843ms","level":"info","method":"POST","msg":"请求处理完成","path":"/employee/login","request_id":"9420bb7f-c9b0-4dbe-a326-1b9dbe3101a9","status":200,"time":"2025-12-12 10:41:56"}
{"level":"debug","msg":"限流器状态","name":"local","time":"2025-12-12 10:41:56","tokens":98}
{"duration":"1.0257ms","level":"info","method":"POST","msg":"请求处理完成","path":"/employee/login","request_id":"998bfd57-8842-447b-a76e-3b983d7e1050","status":200,"time":"2025-12-12 10:41:56"}
{"level":"debug","msg":"限流器状态","name":"local","time":"2025-12-12 10:41:56","tokens":97}
{"level":"debug","msg":"限流器状态","name":"local","time":"2025-12-12 10:41:56","tokens":95}
{"level":"debug","msg":"限流器状态","name":"local","time":"2025-12-12 10:41:56","tokens":96}
{"level":"debug","msg":"限流器状态","name":"local","time":"2025-12-12 10:41:56","tokens":94}
{"level":"debug","msg":"限流器状态","name":"local","time":"2025-12-12 10:41:56","tokens":93}
{"duration":"1.5542ms","level":"info","method":"POST","msg":"请求处理完成","path":"/employee/login","request_id":"784cc250-b80b-4b6c-9766-f68ebfae7be1","status":200,"time":"2025-12-12 10:41:56"}
{"duration":"1.5542ms","level":"info","method":"POST","msg":"请求处理完成","path":"/employee/login","request_id":"7be70026-b969-4afc-a185-00c3112cb955","status":200,"time":"2025-12-12 10:41:56"}
{"duration":"2.2128ms","level":"info","method":"POST","msg":"请求处理完成","path":"/employee/login","request_id":"07e092ae-7203-4cf2-84f2-38ca04ba66e5","status":200,"time":"2025-12-12 10:41:56"}
{"duration":"2.7664ms","level":"info","method":"POST","msg":"请求处理完成","path":"/employee/login","request_id":"ccaf6464-f747-4160-a860-85a05d2f5a18","status":200,"time":"2025-12-12 10:41:56"}
{"duration":"2.9655ms","level":"info","method":"POST","msg":"请求处理完成","path":"/employee/login","request_id":"c059ec64-dcd9-4496-868d-e0a9084c8801","status":200,"time":"2025-12-12 10:41:56"}
{"level":"info","msg":"数据库表创建成功","time":"2025-12-14 16:04:28"}
{"level":"info","mode":"debug","msg":"服务器启动","time":"2025-12-14 16:04:30"}
{"level":"info","msg":"数据库表创建成功","time":"2025-12-14 17:48:47"}
{"level":"info","mode":"debug","msg":"服务器启动","time":"2025-12-14 17:48:49"}
{"level":"debug","msg":"限流器状态","name":"local","time":"2025-12-14 17:49:07","tokens":99}
{"duration":"6.9659ms","level":"info","method":"POST","msg":"请求处理完成","path":"/employee/login","request_id":"612bd7e1-1476-4603-9446-40457b8d3d07","status":401,"time":"2025-12-14 17:49:07"}
{"level":"info","msg":"数据库表创建成功","time":"2025-12-14 17:51:53"}
{"level":"info","mode":"debug","msg":"服务器启动","time":"2025-12-14 17:51:53"}
{"level":"debug","msg":"限流器状态","name":"local","time":"2025-12-14 17:52:04","tokens":99}
{"duration":"2.0004ms","level":"info","method":"POST","msg":"请求处理完成","path":"/employee/login","request_id":"6b341ee0-5894-4702-8a74-14f4802cd6ff","status":401,"time":"2025-12-14 17:52:04"}
{"level":"debug","msg":"限流器状态","name":"local","time":"2025-12-14 17:52:06","tokens":99}
{"duration":"2.3911ms","level":"info","method":"POST","msg":"请求处理完成","path":"/employee/login","request_id":"9313a618-4c56-4e04-b550-faeeb7510e9d","status":401,"time":"2025-12-14 17:52:06"}
{"level":"info","msg":"数据库表创建成功","time":"2025-12-14 17:55:40"}
{"level":"info","mode":"debug","msg":"服务器启动","time":"2025-12-14 17:55:42"}
{"level":"info","msg":"数据库表创建成功","time":"2025-12-14 17:59:25"}
{"level":"info","mode":"debug","msg":"服务器启动","time":"2025-12-14 17:59:27"}
{"level":"info","msg":"数据库表创建成功","time":"2025-12-14 18:01:48"}
{"level":"info","mode":"debug","msg":"服务器启动","time":"2025-12-14 18:01:50"}
{"level":"debug","msg":"限流器状态","name":"local","time":"2025-12-14 18:02:03","tokens":99}
{"duration":"5.0003ms","level":"info","method":"POST","msg":"请求处理完成","path":"/employee/login","request_id":"f33fefa5-0237-475a-8ef2-16cad3c2890b","status":200,"time":"2025-12-14 18:02:03"}
{"error":"failed to parse field: LuggageStorage, error: failed to parse field: PhotoUrl, error: unsupported data type: \u0026[]","level":"error","msg":"创建行李表失败","time":"2025-12-14 21:15:35"}
{"error":"failed to parse field: PhotoUrl, error: unsupported data type: \u0026[]","level":"error","msg":"创建行李存储表失败","time":"2025-12-14 21:15:35"}
{"level":"info","msg":"数据库表创建成功","time":"2025-12-14 21:15:35"}
{"level":"info","mode":"debug","msg":"服务器启动","time":"2025-12-14 21:15:37"}
{"error":"failed to parse field: LuggageStorage, error: failed to parse field: PhotoUrl, error: unsupported data type: \u0026[]","level":"error","msg":"创建行李表失败","time":"2025-12-14 21:23:50"}
{"error":"failed to parse field: PhotoUrl, error: unsupported data type: \u0026[]","level":"error","msg":"创建行李存储表失败","time":"2025-12-14 21:23:50"}
{"level":"info","msg":"数据库表创建成功","time":"2025-12-14 21:23:50"}
{"level":"info","mode":"debug","msg":"服务器启动","time":"2025-12-14 21:23:52"}
{"level":"info","msg":"数据库表创建成功","time":"2025-12-14 21:27:19"}
{"level":"info","mode":"debug","msg":"服务器启动","time":"2025-12-14 21:27:21"}
{"level":"info","msg":"数据库表创建成功","time":"2025-12-14 21:41:12"}
{"level":"info","mode":"debug","msg":"服务器启动","time":"2025-12-14 21:41:12"}
{"level":"debug","msg":"限流器状态","name":"local","time":"2025-12-14 21:41:39","tokens":99}
{"duration":"7.4857ms","level":"info","method":"POST","msg":"请求处理完成","path":"/employee/login","request_id":"7b316961-4271-42e2-abb2-2ce5ac77557b","status":200,"time":"2025-12-14 21:41:39"}
{"level":"info","msg":"数据库表创建成功","time":"2025-12-14 22:23:41"}
{"level":"info","mode":"debug","msg":"服务器启动","time":"2025-12-14 22:23:41"}
{"level":"debug","msg":"限流器状态","name":"local","time":"2025-12-14 22:23:44","tokens":99}
{"duration":"4.2361ms","level":"info","method":"POST","msg":"请求处理完成","path":"/employee/login","request_id":"147e7453-98f3-45de-b539-6d214076ab11","status":200,"time":"2025-12-14 22:23:44"}
{"level":"debug","msg":"限流器状态","name":"local","time":"2025-12-14 22:25:08","tokens":99}
{"error":"Error 1054 (42S22): Unknown column 'guest_name' in 'where clause'","guest_name":"","level":"error","msg":"查询客户失败","time":"2025-12-14 22:25:08"}
{"duration":"11.0934ms","level":"info","method":"POST","msg":"请求处理完成","path":"/employee/add/luggage","request_id":"6488345b-304a-4848-9d67-e84507cc64de","status":400,"time":"2025-12-14 22:25:08"}
{"level":"debug","msg":"限流器状态","name":"local","time":"2025-12-14 22:26:03","tokens":99}
{"error":"Error 1054 (42S22): Unknown column 'guest_name' in 'where clause'","guest_name":"","level":"error","msg":"查询客户失败","time":"2025-12-14 22:26:03"}
{"duration":"6.5066ms","level":"info","method":"POST","msg":"请求处理完成","path":"/employee/add/luggage","request_id":"1d449110-72aa-41b6-8aae-1806d8438dcb","status":400,"time":"2025-12-14 22:26:03"}
{"level":"info","msg":"数据库表创建成功","time":"2025-12-14 22:26:08"}
{"level":"info","mode":"debug","msg":"服务器启动","time":"2025-12-14 22:26:08"}
{"level":"debug","msg":"限流器状态","name":"local","time":"2025-12-14 22:26:10","tokens":99}
{"duration":"3.4264ms","level":"info","method":"POST","msg":"请求处理完成","path":"/employee/add/luggage","request_id":"e07b6920-362b-4901-9696-223a1d3cc7d4","status":400,"time":"2025-12-14 22:26:10"}
{"level":"info","msg":"数据库表创建成功","time":"2025-12-14 22:27:27"}
{"level":"info","mode":"debug","msg":"服务器启动","time":"2025-12-14 22:27:27"}
{"level":"debug","msg":"限流器状态","name":"local","time":"2025-12-14 22:27:29","tokens":99}
{"duration":"5.3893ms","level":"info","method":"POST","msg":"请求处理完成","path":"/employee/add/luggage","request_id":"c0c9856c-d316-4bf7-bb84-49930d37fbd8","status":400,"time":"2025-12-14 22:27:29"}
{"level":"info","msg":"数据库表创建成功","time":"2025-12-14 22:28:10"}
{"level":"info","mode":"debug","msg":"服务器启动","time":"2025-12-14 22:28:10"}
{"level":"debug","msg":"限流器状态","name":"local","time":"2025-12-14 22:28:11","tokens":99}
{"duration":"4.7022ms","level":"info","method":"POST","msg":"请求处理完成","path":"/employee/add/luggage","request_id":"4caea3cf-c417-4868-8032-18bbdaf20495","status":400,"time":"2025-12-14 22:28:11"}
{"level":"info","msg":"数据库表创建成功","time":"2025-12-14 22:29:45"}
{"level":"info","mode":"debug","msg":"服务器启动","time":"2025-12-14 22:29:45"}
{"level":"debug","msg":"限流器状态","name":"local","time":"2025-12-14 22:29:48","tokens":99}
{"duration":"4.0862ms","level":"info","method":"POST","msg":"请求处理完成","path":"/employee/add/luggage","request_id":"17404d57-9692-4557-b06d-337cccbe62bc","status":400,"time":"2025-12-14 22:29:48"}
{"level":"debug","msg":"限流器状态","name":"local","time":"2025-12-14 22:30:25","tokens":99}
{"error":"json: cannot unmarshal string into Go struct field LuggageStorage.operator_id of type uint","level":"error","msg":"行李数据绑定错误","time":"2025-12-14 22:30:25"}
{"duration":"2.6608ms","level":"info","method":"POST","msg":"请求处理完成","path":"/employee/add/luggage","request_id":"56f02e32-20e8-4323-923b-9594601b02dd","status":400,"time":"2025-12-14 22:30:25"}
{"level":"debug","msg":"限流器状态","name":"local","time":"2025-12-14 22:30:57","tokens":99}
{"error":"json: cannot unmarshal string into Go struct field LuggageStorage.operator_id of type uint","level":"error","msg":"行李数据绑定错误","time":"2025-12-14 22:30:57"}
{"duration":"3.0029ms","level":"info","method":"POST","msg":"请求处理完成","path":"/employee/add/luggage","request_id":"34667ca9-2e08-457a-b209-e4b4611fbd60","status":400,"time":"2025-12-14 22:30:57"}
{"level":"info","msg":"数据库表创建成功","time":"2025-12-14 22:31:26"}
{"level":"info","mode":"debug","msg":"服务器启动","time":"2025-12-14 22:31:26"}
{"level":"debug","msg":"限流器状态","name":"local","time":"2025-12-14 22:31:29","tokens":99}
{"error":"json: cannot unmarshal string into Go struct field LuggageStorage.operator_id of type uint","level":"error","msg":"行李数据绑定错误","time":"2025-12-14 22:31:29"}
{"duration":"4.9747ms","level":"info","method":"POST","msg":"请求处理完成","path":"/employee/add/luggage","request_id":"60b614ff-1c43-4ca1-bf79-d876d0792afd","status":400,"time":"2025-12-14 22:31:29"}
{"level":"debug","msg":"限流器状态","name":"local","time":"2025-12-14 22:33:02","tokens":99}
{"error":"invalid character '}' looking for beginning of object key string","level":"error","msg":"行李数据绑定错误","time":"2025-12-14 22:33:02"}
{"duration":"4.9053ms","level":"info","method":"POST","msg":"请求处理完成","path":"/employee/add/luggage","request_id":"ecfa0d92-69eb-48e8-ab9b-ac64b38ad186","status":400,"time":"2025-12-14 22:33:02"}
{"level":"debug","msg":"限流器状态","name":"local","time":"2025-12-14 22:33:08","tokens":99}
{"error":"Error 1054 (42S22): Unknown column 'guest_name' in 'where clause'","guest_name":"李四","level":"error","msg":"查询客户失败","time":"2025-12-14 22:33:08"}
{"duration":"3.3866ms","level":"info","method":"POST","msg":"请求处理完成","path":"/employee/add/luggage","request_id":"818973e4-acc7-480e-9e75-54cefca56747","status":500,"time":"2025-12-14 22:33:08"}
{"level":"info","msg":"数据库表创建成功","time":"2025-12-14 22:33:42"}
{"level":"info","mode":"debug","msg":"服务器启动","time":"2025-12-14 22:33:42"}
{"level":"debug","msg":"限流器状态","name":"local","time":"2025-12-14 22:33:44","tokens":99}
{"level":"info","msg":"数据库表创建成功","time":"2025-12-14 22:37:19"}
{"level":"info","mode":"debug","msg":"服务器启动","time":"2025-12-14 22:37:19"}
{"level":"debug","msg":"限流器状态","name":"local","time":"2025-12-14 22:37:22","tokens":99}
{"duration":"12.4058ms","level":"info","method":"POST","msg":"请求处理完成","path":"/employee/add/luggage","request_id":"b78a51d5-5bd2-4fc8-8804-cca3f1887a99","status":201,"time":"2025-12-14 22:37:22"}
{"level":"info","msg":"数据库表创建成功","time":"2025-12-14 22:43:07"}
{"level":"info","mode":"debug","msg":"服务器启动","time":"2025-12-14 22:43:07"}
{"error":"MISCONF Redis is configured to save RDB snapshots, but it's currently unable to persist to disk. Commands that may modify the data set are disabled, because this instance is configured to report errors during writes if RDB snapshotting fails (stop-writes-on-bgsave-error option). Please check the Redis logs for details about the RDB error. script: 28e2beabd17123c3991c66f202d51fd23c624dbc, on @user_script:26.","level":"error","msg":"限流器执行脚本失败","name":"local","time":"2025-12-14 22:43:11"}
{"client_ip":"::1","level":"warning","msg":"请求过于频繁","time":"2025-12-14 22:43:11"}
{"duration":"915.9µs","level":"info","method":"POST","msg":"请求处理完成","path":"/employee/add/luggage","request_id":"9b21d680-8a13-4859-9b0d-ecc38b4e3b11","status":429,"time":"2025-12-14 22:43:11"}
{"level":"info","msg":"数据库表创建成功","time":"2025-12-14 22:43:49"}
{"level":"info","mode":"debug","msg":"服务器启动","time":"2025-12-14 22:43:49"}
{"level":"info","msg":"数据库表创建成功","time":"2025-12-14 22:44:13"}
{"level":"info","mode":"debug","msg":"服务器启动","time":"2025-12-14 22:44:13"}
{"level":"debug","msg":"限流器状态","name":"local","time":"2025-12-14 22:44:19","tokens":99}
{"duration":"5.5217ms","level":"info","method":"POST","msg":"请求处理完成","path":"/employee/login","request_id":"c4734cdb-81f0-48b2-b63e-e0ff16fda0bd","status":200,"time":"2025-12-14 22:44:19"}
{"level":"debug","msg":"限流器状态","name":"local","time":"2025-12-14 22:44:23","tokens":99}
{"duration":"40.3075ms","level":"info","method":"POST","msg":"请求处理完成","path":"/employee/add/luggage","request_id":"0a1b79a7-9b12-4536-abf8-74f3dd156898","status":201,"time":"2025-12-14 22:44:23"}
{"level":"debug","msg":"限流器状态","name":"local","time":"2025-12-14 22:44:35","tokens":99}
{"duration":"3.1839ms","level":"info","method":"GET","msg":"请求处理完成","path":"/tool/get/employee","request_id":"0602d632-28d4-4ef9-8570-cf4865fd1d2f","status":200,"time":"2025-12-14 22:44:35"}
